fixed point interval solution time  1.242204e-01
Combinatorial solution being skipped
Nodal information - Assembled  model
Node   X      Y     Restraints       Fx          Fy           beta-x    beta-y
 1    0.0    0.0    0    0           0.0          0.0           0.000      0.000
 2    1.0    0.0    1    0           0.0          0.0           0.000      0.000
 3    0.0    0.8    1    1          10.0          5.0           1.000      0.050
 4    1.0    0.8    1    1           0.0          5.0           0.000      1.000
Element information- Assembled model
Element    Nodes    Area            E        alfa      group no.    group gamma 
 1         1   2    0.001000   2.000e+08   0.020          1           0.010
 2         3   4    0.001000   2.000e+08   0.020          1           0.010
 3         1   3    0.001000   2.000e+08   0.020          2           0.010
 4         2   4    0.001000   2.000e+08   0.020          2           0.010
 5         1   4    0.001000   2.000e+08   0.020          3           0.010
 6         2   3    0.001000   2.000e+08   0.020          4           0.010
Groups Interval Solution
Number of Groups
 4
Group Number        Group Uncertainty   
 1                        0.010    
 2                        0.010    
 3                        0.010    
 4                        0.010    
Elemnt     Group 
 1           1          
 2           1          
 3           2          
 4           2          
 5           3          
 6           4          
------------------------------------------------------------

Nodal information - EBE model
Node   X      Y     Restraints       Fx          Fy           beta-x    beta-y
 1    0.0    0.0    0    0           0.0          0.0           0.000      0.000
 2    1.0    0.0    1    0           0.0          0.0           0.000      0.000
 3    0.0    0.8    1    1          10.0          5.0           1.000      0.050
 4    1.0    0.8    1    1           0.0          5.0           0.000      1.000
 5    0.0    0.0    0    0           0.0          0.0           0.000      0.000
 6    0.0    0.8    1    1           0.0          0.0           1.000      0.050
 7    1.0    0.0    1    0           0.0          0.0           0.000      0.000
 8    1.0    0.8    1    1           0.0          0.0           0.000      1.000
 9    0.0    0.0    0    0           0.0          0.0           0.000      0.000
10    1.0    0.8    1    1           0.0          0.0           0.000      1.000
11    1.0    0.0    1    0           0.0          0.0           0.000      0.000
12    0.0    0.8    1    1           0.0          0.0           1.000      0.050
Element information- EBE model
Element    Nodes    Area            E        alfa      group no.    group gamma
 1         1   2    0.001000   2.000e+08   0.020          1           0.010
 2         3   4    0.001000   2.000e+08   0.020          1           0.010
 3         5   6    0.001000   2.000e+08   0.020          2           0.010
 4         7   8    0.001000   2.000e+08   0.020          2           0.010
 5         9  10    0.001000   2.000e+08   0.020          3           0.010
 6        11  12    0.001000   2.000e+08   0.020          4           0.010
Groups Interval Solution
Number of Groups
 4
Group Number        Group Uncertainty   
 1                        0.010    
 2                        0.010    
 3                        0.010    
 4                        0.010    
Elemnt     Group 
 1           1          
 2           1          
 3           2          
 4           2          
 5           3          
 6           4          
_______________________________________________________________________________________________________________________
Solution vector using EBE only
Element    node                     x- displacement                        y- displacement
 1          1    [-0.0000000000e+00,0.0000000000e+00] [-0.0000000000e+00,0.0000000000e+00]
            2    [-3.0380348329e-05,2.6213681662e-05] [-0.0000000000e+00,0.0000000000e+00]
 2          3    [-8.7028109065e-05,1.0109060907e-04] [4.7431886089e-07,3.4681931139e-05]
            4    [-6.5908721985e-05,7.5804555319e-05] [-3.3847007475e-05,3.1503257475e-05]
 3          1    [-0.0000000000e+00,0.0000000000e+00] [-0.0000000000e+00,0.0000000000e+00]
            3    [-8.7028109065e-05,1.0109060907e-04] [4.7431886089e-07,3.4681931139e-05]
 4          2    [-3.0380348329e-05,2.6213681662e-05] [-0.0000000000e+00,0.0000000000e+00]
            4    [-6.5908721985e-05,7.5804555319e-05] [-3.3847007475e-05,3.1503257475e-05]
 5          1    [-0.0000000000e+00,0.0000000000e+00] [-0.0000000000e+00,0.0000000000e+00]
            4    [-6.5908721985e-05,7.5804555319e-05] [-3.3847007475e-05,3.1503257475e-05]
 6          2    [-3.0380348329e-05,2.6213681662e-05] [-0.0000000000e+00,0.0000000000e+00]
            3    [-8.7028109065e-05,1.0109060907e-04] [4.7431886089e-07,3.4681931139e-05]
_______________________________________________________________________________________________________________________
Groups solution 
Element    node                     x- displacement                        y- displacement
 1          1    [-0.0000000000e+00,0.0000000000e+00] [-0.0000000000e+00,0.0000000000e+00]
            2    [-3.0937615957e-05,2.6771766124e-05] [-0.0000000000e+00,0.0000000000e+00]
 2          3    [-8.8173855380e-05,1.0223359857e-04] [-3.3497152189e-08,3.5182855121e-05]
            4    [-6.6984938580e-05,7.6878831934e-05] [-3.4340746878e-05,3.1997456347e-05]
 3          1    [-0.0000000000e+00,0.0000000000e+00] [-0.0000000000e+00,0.0000000000e+00]
            3    [-8.8173855380e-05,1.0223359857e-04] [-3.3497152189e-08,3.5182855121e-05]
 4          2    [-3.0937615957e-05,2.6771766124e-05] [-0.0000000000e+00,0.0000000000e+00]
            4    [-6.6984938580e-05,7.6878831934e-05] [-3.4340746878e-05,3.1997456347e-05]
 5          1    [-0.0000000000e+00,0.0000000000e+00] [-0.0000000000e+00,0.0000000000e+00]
            4    [-6.6984938580e-05,7.6878831934e-05] [-3.4340746878e-05,3.1997456347e-05]
 6          2    [-3.0937615957e-05,2.6771766124e-05] [-0.0000000000e+00,0.0000000000e+00]
            3    [-8.8173855380e-05,1.0223359857e-04] [-3.3497152189e-08,3.5182855121e-05]
Combinatorial solution is skipped
_________________________________________________________________________________________________
A X I A L  F O R C E   I N   M E M B E R S 
---------------------------------------------------------------------------------------------------
MEMBER  Combinatorial Solution      Present solution       Error%       LB-Error%     UB-Error%
  1       -----              [      -5.990555,       5.157221]         ----         ----        -----
  2       -----              [      -5.990555,       5.157221]         ----         ----        -----
  3       -----              [       0.288334,       9.086666]         ----         ----        -----
  4       -----              [      -8.867916,       8.242916]         ----         ----        -----
  5       -----              [      -6.446527,       7.488193]         ----         ----        -----
  6       -----              [      -6.446527,       7.488193]         ----         ----        -----
_________________________________________________________________________________________________
G R O U P S  A X I A L  F O R C E   I N   M E M B E R S 
---------------------------------------------------------------------------------------------------
MEMBER  Combinatorial Solution      Present solution       Error%       LB-Error%     UB-Error%
  1       -----              [      -6.060175,       5.226841]         ----         ----        -----
  2       -----              [      -6.060175,       5.226841]         ----         ----        -----
  3       -----              [       0.236119,       9.138881]         ----         ----        -----
  4       -----              [      -8.920131,       8.295131]         ----         ----        -----
  5       -----              [      -6.533552,       7.575219]         ----         ----        -----
  6       -----              [      -6.533552,       7.575219]         ----         ----        -----
_____________________________________________________________________________
S T R E S S E S   A N D   S T R A I N S    I N   M E M B E R S 
-----------------------------------------------------------------------------
MEMBER           stress (N/m^2)                 Strain (computed from stress) 
 1      [  -6.12017656e+03,   5.27859240e+03]   [  -3.12253906e-05,   2.69315939e-05]
 2      [  -6.12017656e+03,   5.27859240e+03]   [  -3.12253906e-05,   2.69315939e-05]
 3      [   2.33826465e+02,   9.22936509e+03]   [   1.14620816e-06,   4.70885974e-05]
 4      [  -9.00844925e+03,   8.37726113e+03]   [  -4.59614758e-05,   4.27411282e-05]
 5      [  -6.59824050e+03,   7.65022070e+03]   [  -3.36644923e-05,   3.90317383e-05]
 6      [  -6.59824050e+03,   7.65022070e+03]   [  -3.36644923e-05,   3.90317383e-05]
___________________________________________________________________________________________________
S T R A I N S   I N   M E M B E R S 
---------------------------------------------------------------------------------------------------
MEMBER  Combinatorial Solution              New Formulation                   Error%      LB-Error%     UB-Error%
  1       -----              [  -3.093762e-05,   2.677177e-05]         ----         ----        -----
  2       -----              [  -3.093762e-05,   2.677177e-05]         ----         ----        -----
  3       -----              [  -4.466287e-08,   4.691047e-05]         ----         ----        -----
  4       -----              [  -4.578766e-05,   4.266328e-05]         ----         ----        -----
  5       -----              [  -3.314280e-05,   3.835011e-05]         ----         ----        -----
  6       -----              [  -3.314280e-05,   3.835011e-05]         ----         ----        -----
