fixed point interval solution time  4.024688e-01
Combinatorial solution ran
Number of combinations force 8, combinations E 64, combinations A (groups) 16
vertex solution time  2.781385e+00
Nodal information - Assembled  model
Node   X      Y     Restraints       Fx          Fy           beta-x    beta-y
 1    0.0    0.0    0    0           0.0          0.0           0.000      0.000
 2    1.0    0.0    1    0           0.0          0.0           0.000      0.000
 3    0.0    0.8    1    1          10.0          5.0           1.000      1.000
 4    1.0    0.8    1    1           0.0          5.0           0.000      1.000
Element information- Assembled model
Element    Nodes    Area            E        alfa      group no.    group gamma 
 1         1   2    0.001000   2.000e+08   0.020          1           0.010
 2         3   4    0.001000   2.000e+08   0.020          1           0.010
 3         1   3    0.001000   2.000e+08   0.020          2           0.010
 4         2   4    0.001000   2.000e+08   0.020          2           0.010
 5         1   4    0.001000   2.000e+08   0.020          3           0.010
 6         2   3    0.001000   2.000e+08   0.020          4           0.010
Groups Interval Solution
Number of Groups
 4
Group Number        Group Uncertainty   
 1                        0.010    
 2                        0.010    
 3                        0.010    
 4                        0.010    
Elemnt     Group 
 1           1          
 2           1          
 3           2          
 4           2          
 5           3          
 6           4          
------------------------------------------------------------

Nodal information - EBE model
Node   X      Y     Restraints       Fx          Fy           beta-x    beta-y
 1    0.0    0.0    0    0           0.0          0.0           0.000      0.000
 2    1.0    0.0    1    0           0.0          0.0           0.000      0.000
 3    0.0    0.8    1    1          10.0          5.0           1.000      1.000
 4    1.0    0.8    1    1           0.0          5.0           0.000      1.000
 5    0.0    0.0    0    0           0.0          0.0           0.000      0.000
 6    0.0    0.8    1    1           0.0          0.0           1.000      1.000
 7    1.0    0.0    1    0           0.0          0.0           0.000      0.000
 8    1.0    0.8    1    1           0.0          0.0           0.000      1.000
 9    0.0    0.0    0    0           0.0          0.0           0.000      0.000
10    1.0    0.8    1    1           0.0          0.0           0.000      1.000
11    1.0    0.0    1    0           0.0          0.0           0.000      0.000
12    0.0    0.8    1    1           0.0          0.0           1.000      1.000
Element information- EBE model
Element    Nodes    Area            E        alfa      group no.    group gamma
 1         1   2    0.001000   2.000e+08   0.020          1           0.010
 2         3   4    0.001000   2.000e+08   0.020          1           0.010
 3         5   6    0.001000   2.000e+08   0.020          2           0.010
 4         7   8    0.001000   2.000e+08   0.020          2           0.010
 5         9  10    0.001000   2.000e+08   0.020          3           0.010
 6        11  12    0.001000   2.000e+08   0.020          4           0.010
Groups Interval Solution
Number of Groups
 4
Group Number        Group Uncertainty   
 1                        0.010    
 2                        0.010    
 3                        0.010    
 4                        0.010    
Elemnt     Group 
 1           1          
 2           1          
 3           2          
 4           2          
 5           3          
 6           4          
_______________________________________________________________________________________________________________________
Solution vector using EBE only
Element    node                     x- displacement                        y- displacement
 1          1    [-0.0000000000e+00,0.0000000000e+00] [-0.0000000000e+00,0.0000000000e+00]
            2    [-3.0270592735e-05,3.0270592735e-05] [-0.0000000000e+00,0.0000000000e+00]
 2          3    [-1.0072539733e-04,1.0072539733e-04] [-3.3785054678e-05,3.3785054678e-05]
            4    [-7.5546016037e-05,7.5546016037e-05] [-3.3785054678e-05,3.3785054678e-05]
 3          1    [-0.0000000000e+00,0.0000000000e+00] [-0.0000000000e+00,0.0000000000e+00]
            3    [-1.0072539733e-04,1.0072539733e-04] [-3.3785054678e-05,3.3785054678e-05]
 4          2    [-3.0270592735e-05,3.0270592735e-05] [-0.0000000000e+00,0.0000000000e+00]
            4    [-7.5546016037e-05,7.5546016037e-05] [-3.3785054678e-05,3.3785054678e-05]
 5          1    [-0.0000000000e+00,0.0000000000e+00] [-0.0000000000e+00,0.0000000000e+00]
            4    [-7.5546016037e-05,7.5546016037e-05] [-3.3785054678e-05,3.3785054678e-05]
 6          2    [-3.0270592735e-05,3.0270592735e-05] [-0.0000000000e+00,0.0000000000e+00]
            3    [-1.0072539733e-04,1.0072539733e-04] [-3.3785054678e-05,3.3785054678e-05]
_______________________________________________________________________________________________________________________
Groups solution 
Element    node                     x- displacement                        y- displacement
 1          1    [-0.0000000000e+00,0.0000000000e+00] [-0.0000000000e+00,0.0000000000e+00]
            2    [-3.0833892027e-05,3.0833892027e-05] [-0.0000000000e+00,0.0000000000e+00]
 2          3    [-1.0188225754e-04,1.0188225754e-04] [-3.4277128492e-05,3.4277128492e-05]
            4    [-7.6614924242e-05,7.6614924242e-05] [-3.4277128492e-05,3.4277128492e-05]
 3          1    [-0.0000000000e+00,0.0000000000e+00] [-0.0000000000e+00,0.0000000000e+00]
            3    [-1.0188225754e-04,1.0188225754e-04] [-3.4277128492e-05,3.4277128492e-05]
 4          2    [-3.0833892027e-05,3.0833892027e-05] [-0.0000000000e+00,0.0000000000e+00]
            4    [-7.6614924242e-05,7.6614924242e-05] [-3.4277128492e-05,3.4277128492e-05]
 5          1    [-0.0000000000e+00,0.0000000000e+00] [-0.0000000000e+00,0.0000000000e+00]
            4    [-7.6614924242e-05,7.6614924242e-05] [-3.4277128492e-05,3.4277128492e-05]
 6          2    [-3.0833892027e-05,3.0833892027e-05] [-0.0000000000e+00,0.0000000000e+00]
            3    [-1.0188225754e-04,1.0188225754e-04] [-3.4277128492e-05,3.4277128492e-05]
_______________________________________________________________________________________________________________________

Solution vector for all possible combinations
Element    node                     x-displacement                            y-displacement
 1          1    [0.0000000000e+00,0.0000000000e+00] [0.0000000000e+00,0.0000000000e+00]
            2    [-3.0568454477e-05,3.0568454477e-05] [0.0000000000e+00,0.0000000000e+00]
 2          3    [-1.0144094771e-04,1.0144094771e-04] [-3.4148307724e-05,3.4148307724e-05]
            4    [-7.6035722363e-05,7.6035722363e-05] [-3.4148307724e-05,3.4148307724e-05]
 3          1    [0.0000000000e+00,0.0000000000e+00] [0.0000000000e+00,0.0000000000e+00]
            3    [-1.0144094771e-04,1.0144094771e-04] [-3.4148307724e-05,3.4148307724e-05]
 4          2    [-3.0568454477e-05,3.0568454477e-05] [0.0000000000e+00,0.0000000000e+00]
            4    [-7.6035722363e-05,7.6035722363e-05] [-3.4148307724e-05,3.4148307724e-05]
 5          1    [0.0000000000e+00,0.0000000000e+00] [0.0000000000e+00,0.0000000000e+00]
            4    [-7.6035722363e-05,7.6035722363e-05] [-3.4148307724e-05,3.4148307724e-05]
 6          2    [-3.0568454477e-05,3.0568454477e-05] [0.0000000000e+00,0.0000000000e+00]
            3    [-1.0144094771e-04,1.0144094771e-04] [-3.4148307724e-05,3.4148307724e-05]
_______________________________________________________________________________________________________________________
WIDTH AND ERROR OF SOLUTION VECTOR
-----------------------------------------------------------------------------------------------------------------------
             Combin.solution      New approach       Error%       LB-Error%    UB-Error%
________________________________________________________________________________________________________________________
Elem node                    
 1    1  u   0.0000000000e+00    0.0000000000e+00      ----        ----         ----
         v   0.0000000000e+00    0.0000000000e+00      ----        ----         ----
      2  u   6.1136908955e-05    6.1667784053e-05   0.868338      0.8683       0.8683
         v   0.0000000000e+00    0.0000000000e+00     ----         ----         ----
-----------------------------------------------------------------------------------------------
 2    3  u   2.0288189542e-04    2.0376451508e-04   0.435041      0.7054       0.7054
         v   6.8296615448e-05    6.8554256985e-05   0.377239      0.3772       0.3772
      4  u   1.5207144473e-04    1.5322984848e-04   0.761750      0.7617       0.7617
         v   6.8296615448e-05    6.8554256985e-05   0.377239      0.3772       0.3772
-----------------------------------------------------------------------------------------------
 3    1  u   0.0000000000e+00    0.0000000000e+00      ----        ----         ----
         v   0.0000000000e+00    0.0000000000e+00      ----        ----         ----
      3  u   2.0288189542e-04    2.0376451508e-04   0.435041      0.4350       0.4350
         v   6.8296615448e-05    6.8554256985e-05   0.377239      0.3772       0.3772
-----------------------------------------------------------------------------------------------
 4    2  u   6.1136908955e-05    6.1667784053e-05   0.868338      0.9744       0.9744
         v   0.0000000000e+00    0.0000000000e+00      ----        ----         ----
      4  u   1.5207144473e-04    1.5322984848e-04   0.761750      0.7617       0.7617
         v   6.8296615448e-05    6.8554256985e-05   0.377239      0.3772       0.3772
-----------------------------------------------------------------------------------------------
 5    1  u   0.0000000000e+00    0.0000000000e+00      ----        ----         ----
         v   0.0000000000e+00    0.0000000000e+00      ----        ----         ----
      4  u   1.5207144473e-04    1.5322984848e-04   0.761750      0.7617       0.7617
         v   6.8296615448e-05    6.8554256985e-05   0.377239      0.3772       0.3772
-----------------------------------------------------------------------------------------------
 6    2  u   6.1136908955e-05    6.1667784053e-05   0.868338      0.9744       0.9744
         v   0.0000000000e+00    0.0000000000e+00      ----        ----         ----
      3  u   2.0288189542e-04    2.0376451508e-04   0.435041      0.4350       0.4350
         v   6.8296615448e-05    6.8554256985e-05   0.377239      0.3772       0.3772
-----------------------------------------------------------------------------------------------
_________________________________________________________________________________________________
A X I A L  F O R C E   I N   M E M B E R S 
---------------------------------------------------------------------------------------------------
MEMBER  Combinatorial Solution      Present solution       Error%       LB-Error%     UB-Error%
  1  [ -5.972978,  5.972978]  [ -5.968912,  5.968912]     1.099501      1.099501      1.099501
  2  [ -5.972978,  5.972978]  [ -5.968912,  5.968912]     1.099501      1.099501      1.099501
  3  [ -8.858943,  8.858943]  [ -8.851684,  8.851684]     0.508471      0.508471      0.508471
  4  [ -8.858943,  8.858943]  [ -8.851684,  8.851684]     0.508471      0.508471      0.508471
  5  [ -7.466222,  7.466222]  [ -7.461141,  7.461141]     1.099501      1.099501      1.099501
  6  [ -7.466222,  7.466222]  [ -7.461141,  7.461141]     1.099501      1.099501      1.099501
_________________________________________________________________________________________________
G R O U P S  A X I A L  F O R C E   I N   M E M B E R S 
---------------------------------------------------------------------------------------------------
MEMBER  Combinatorial Solution      Present solution       Error%       LB-Error%     UB-Error%
  1  [ -5.972978,  5.972978]  [ -6.038651,  6.038651]     1.099501      1.099501      1.099501
  2  [ -5.972978,  5.972978]  [ -6.038651,  6.038651]     1.099501      1.099501      1.099501
  3  [ -8.858943,  8.858943]  [ -8.903988,  8.903988]     0.508471      0.508471      0.508471
  4  [ -8.858943,  8.858943]  [ -8.903988,  8.903988]     0.508471      0.508471      0.508471
  5  [ -7.466222,  7.466222]  [ -7.548314,  7.548314]     1.099501      1.099501      1.099501
  6  [ -7.466222,  7.466222]  [ -7.548314,  7.548314]     1.099501      1.099501      1.099501
_____________________________________________________________________________
S T R E S S E S   A N D   S T R A I N S    I N   M E M B E R S 
-----------------------------------------------------------------------------
MEMBER           stress (N/m^2)                 Strain (computed from stress) 
 1      [  -6.09843956e+03,   6.09843956e+03]   [  -3.11144875e-05,   3.11144875e-05]
 2      [  -6.09843956e+03,   6.09843956e+03]   [  -3.11144875e-05,   3.11144875e-05]
 3      [  -8.99214650e+03,   8.99214650e+03]   [  -4.58782985e-05,   4.58782985e-05]
 4      [  -8.99214650e+03,   8.99214650e+03]   [  -4.58782985e-05,   4.58782985e-05]
 5      [  -7.62304945e+03,   7.62304945e+03]   [  -3.88931094e-05,   3.88931094e-05]
 6      [  -7.62304945e+03,   7.62304945e+03]   [  -3.88931094e-05,   3.88931094e-05]
___________________________________________________________________________________________________
S T R A I N S   I N   M E M B E R S 
---------------------------------------------------------------------------------------------------
MEMBER  Combinatorial Solution              New Formulation                   Error%      LB-Error%     UB-Error%
  1  [  -3.056845e-05,   3.056845e-05]  [  -3.083389e-05,   3.083389e-05]     0.868338      0.868338      0.868338
  2  [  -3.056845e-05,   3.056845e-05]  [  -3.083389e-05,   3.083389e-05]     0.868338      0.868338      0.868338
  3  [  -4.553108e-05,   4.553108e-05]  [  -4.570284e-05,   4.570284e-05]     0.377239      0.377239      0.377239
  4  [  -4.553108e-05,   4.553108e-05]  [  -4.570284e-05,   4.570284e-05]     0.377239      0.377239      0.377239
  5  [  -3.781848e-05,   3.781848e-05]  [  -3.821390e-05,   3.821390e-05]     1.045586      1.045586      1.045586
  6  [  -3.781848e-05,   3.781848e-05]  [  -3.821390e-05,   3.821390e-05]     1.045586      1.045586      1.045586
