File name popova100group 
Nodal information - Assembled  model
Node   X      Y     Restraints       Fx          Fy           beta-x    beta-y
 1    0.0    0.0    0    0           0.0          0.0           0.000      0.000
 2    1.0    0.0    1    0           0.0          0.0           0.000      0.000
 3    2.0    0.0    1    0           0.0          0.0           0.000      0.000
 4    3.0    0.0    1    0           0.0          0.0           0.000      0.000
 5    4.0    0.0    1    0           0.0          0.0           0.000      0.000
 6    5.0    0.0    1    0           0.0          0.0           0.000      0.000
 7    6.0    0.0    1    0           0.0          0.0           0.000      0.000
 8    7.0    0.0    1    0           0.0          0.0           0.000      0.000
 9    8.0    0.0    1    0           0.0          0.0           0.000      0.000
10    9.0    0.0    1    0           0.0          0.0           0.000      0.000
11   10.0    0.0    1    0           0.0          0.0           0.000      0.000
12    0.0    0.8    1    1          10.0          0.0           0.050      0.000
13    1.0    0.8    1    1           0.0          0.0           0.000      0.000
14    2.0    0.8    1    1           0.0          0.0           0.000      0.000
15    3.0    0.8    1    1           0.0          0.0           0.000      0.000
16    4.0    0.8    1    1           0.0          0.0           0.000      0.000
17    5.0    0.8    1    1           0.0          0.0           0.000      0.000
18    6.0    0.8    1    1           0.0          0.0           0.000      0.000
19    7.0    0.8    1    1           0.0          0.0           0.000      0.000
20    8.0    0.8    1    1           0.0          0.0           0.000      0.000
21    9.0    0.8    1    1           0.0          0.0           0.000      0.000
22   10.0    0.8    1    1           0.0          0.0           0.000      0.000
23    0.0    1.5    1    1          10.0          0.0           0.050      0.000
24    1.0    1.5    1    1           0.0          0.0           0.000      0.000
25    2.0    1.5    1    1           0.0          0.0           0.000      0.000
26    3.0    1.5    1    1           0.0          0.0           0.000      0.000
27    4.0    1.5    1    1           0.0          0.0           0.000      0.000
28    5.0    1.5    1    1           0.0          0.0           0.000      0.000
29    6.0    1.5    1    1           0.0          0.0           0.000      0.000
30    7.0    1.5    1    1           0.0          0.0           0.000      0.000
31    8.0    1.5    1    1           0.0          0.0           0.000      0.000
32    9.0    1.5    1    1           0.0          0.0           0.000      0.000
33   10.0    1.5    1    1           0.0          0.0           0.000      0.000
34    0.0    2.3    1    1          10.0          0.0           0.050      0.000
35    1.0    2.3    1    1           0.0          0.0           0.000      0.000
36    2.0    2.3    1    1           0.0          0.0           0.000      0.000
37    3.0    2.3    1    1           0.0          0.0           0.000      0.000
38    4.0    2.3    1    1           0.0          0.0           0.000      0.000
39    5.0    2.3    1    1           0.0          0.0           0.000      0.000
40    6.0    2.3    1    1           0.0          0.0           0.000      0.000
41    7.0    2.3    1    1           0.0          0.0           0.000      0.000
42    8.0    2.3    1    1           0.0          0.0           0.000      0.000
43    9.0    2.3    1    1           0.0          0.0           0.000      0.000
44   10.0    2.3    1    1           0.0          0.0           0.000      0.000
45    0.0    3.0    1    1          10.0          0.0           0.050      0.000
46    1.0    3.0    1    1           0.0          0.0           0.000      0.000
47    2.0    3.0    1    1           0.0          0.0           0.000      0.000
48    3.0    3.0    1    1           0.0          0.0           0.000      0.000
49    4.0    3.0    1    1           0.0          0.0           0.000      0.000
50    5.0    3.0    1    1           0.0          0.0           0.000      0.000
51    6.0    3.0    1    1           0.0          0.0           0.000      0.000
52    7.0    3.0    1    1           0.0          0.0           0.000      0.000
53    8.0    3.0    1    1           0.0          0.0           0.000      0.000
54    9.0    3.0    1    1           0.0          0.0           0.000      0.000
55   10.0    3.0    1    1           0.0          0.0           0.000      0.000
56    0.0    3.8    1    1          10.0          0.0           0.050      0.000
57    1.0    3.8    1    1           0.0          0.0           0.000      0.000
58    2.0    3.8    1    1           0.0          0.0           0.000      0.000
59    3.0    3.8    1    1           0.0          0.0           0.000      0.000
60    4.0    3.8    1    1           0.0          0.0           0.000      0.000
61    5.0    3.8    1    1           0.0          0.0           0.000      0.000
62    6.0    3.8    1    1           0.0          0.0           0.000      0.000
63    7.0    3.8    1    1           0.0          0.0           0.000      0.000
64    8.0    3.8    1    1           0.0          0.0           0.000      0.000
65    9.0    3.8    1    1           0.0          0.0           0.000      0.000
66   10.0    3.8    1    1           0.0          0.0           0.000      0.000
67    0.0    4.5    1    1          10.0          0.0           0.050      0.000
68    1.0    4.5    1    1           0.0          0.0           0.000      0.000
69    2.0    4.5    1    1           0.0          0.0           0.000      0.000
70    3.0    4.5    1    1           0.0          0.0           0.000      0.000
71    4.0    4.5    1    1           0.0          0.0           0.000      0.000
72    5.0    4.5    1    1           0.0          0.0           0.000      0.000
73    6.0    4.5    1    1           0.0          0.0           0.000      0.000
74    7.0    4.5    1    1           0.0          0.0           0.000      0.000
75    8.0    4.5    1    1           0.0          0.0           0.000      0.000
76    9.0    4.5    1    1           0.0          0.0           0.000      0.000
77   10.0    4.5    1    1           0.0          0.0           0.000      0.000
78    0.0    5.3    1    1          10.0          0.0           0.050      0.000
79    1.0    5.3    1    1           0.0          0.0           0.000      0.000
80    2.0    5.3    1    1           0.0          0.0           0.000      0.000
81    3.0    5.3    1    1           0.0          0.0           0.000      0.000
82    4.0    5.3    1    1           0.0          0.0           0.000      0.000
83    5.0    5.3    1    1           0.0          0.0           0.000      0.000
84    6.0    5.3    1    1           0.0          0.0           0.000      0.000
85    7.0    5.3    1    1           0.0          0.0           0.000      0.000
86    8.0    5.3    1    1           0.0          0.0           0.000      0.000
87    9.0    5.3    1    1           0.0          0.0           0.000      0.000
88   10.0    5.3    1    1           0.0          0.0           0.000      0.000
89    0.0    6.0    1    1          10.0          0.0           0.050      0.000
90    1.0    6.0    1    1           0.0          0.0           0.000      0.000
91    2.0    6.0    1    1           0.0          0.0           0.000      0.000
92    3.0    6.0    1    1           0.0          0.0           0.000      0.000
93    4.0    6.0    1    1           0.0          0.0           0.000      0.000
94    5.0    6.0    1    1           0.0          0.0           0.000      0.000
95    6.0    6.0    1    1           0.0          0.0           0.000      0.000
96    7.0    6.0    1    1           0.0          0.0           0.000      0.000
97    8.0    6.0    1    1           0.0          0.0           0.000      0.000
98    9.0    6.0    1    1           0.0          0.0           0.000      0.000
99   10.0    6.0    1    1           0.0          0.0           0.000      0.000
100    0.0    6.8    1    1          10.0          0.0           0.050      0.000
101    1.0    6.8    1    1           0.0          0.0           0.000      0.000
102    2.0    6.8    1    1           0.0          0.0           0.000      0.000
103    3.0    6.8    1    1           0.0          0.0           0.000      0.000
104    4.0    6.8    1    1           0.0          0.0           0.000      0.000
105    5.0    6.8    1    1           0.0          0.0           0.000      0.000
106    6.0    6.8    1    1           0.0          0.0           0.000      0.000
107    7.0    6.8    1    1           0.0          0.0           0.000      0.000
108    8.0    6.8    1    1           0.0          0.0           0.000      0.000
109    9.0    6.8    1    1           0.0          0.0           0.000      0.000
110   10.0    6.8    1    1           0.0          0.0           0.000      0.000
111    0.0    7.5    1    1          10.0          0.0           0.050      0.000
112    1.0    7.5    1    1           0.0          0.0           0.000      0.000
113    2.0    7.5    1    1           0.0          0.0           0.000      0.000
114    3.0    7.5    1    1           0.0          0.0           0.000      0.000
115    4.0    7.5    1    1           0.0          0.0           0.000      0.000
116    5.0    7.5    1    1           0.0          0.0           0.000      0.000
117    6.0    7.5    1    1           0.0          0.0           0.000      0.000
118    7.0    7.5    1    1           0.0          0.0           0.000      0.000
119    8.0    7.5    1    1           0.0          0.0           0.000      0.000
120    9.0    7.5    1    1           0.0          0.0           0.000      0.000
121   10.0    7.5    1    1           0.0          0.0           0.000      0.000
Element information- Assembled model
Element    Nodes    Area            E        alfa      group no.    group gamma 
 1         1  12    0.001000   2.000e+08   0.02000          0           0.00000
 2         2  13    0.001000   2.000e+08   0.02000          0           0.00000
 3        12  13    0.001000   2.000e+08   0.02000          0           0.00000
 4         1  13    0.001000   2.000e+08   0.02000          0           0.00000
 5         2  12    0.001000   2.000e+08   0.02000          0           0.00000
 6         3  14    0.001000   2.000e+08   0.02000          0           0.00000
 7        13  14    0.001000   2.000e+08   0.02000          0           0.00000
 8         2  14    0.001000   2.000e+08   0.02000          0           0.00000
 9         3  13    0.001000   2.000e+08   0.02000          0           0.00000
10         4  15    0.001000   2.000e+08   0.02000          0           0.00000
11        14  15    0.001000   2.000e+08   0.02000          0           0.00000
12         3  15    0.001000   2.000e+08   0.02000          0           0.00000
13         4  14    0.001000   2.000e+08   0.02000          0           0.00000
14         5  16    0.001000   2.000e+08   0.02000          0           0.00000
15        15  16    0.001000   2.000e+08   0.02000          0           0.00000
16         4  16    0.001000   2.000e+08   0.02000          0           0.00000
17         5  15    0.001000   2.000e+08   0.02000          0           0.00000
18         6  17    0.001000   2.000e+08   0.02000          0           0.00000
19        16  17    0.001000   2.000e+08   0.02000          0           0.00000
20         5  17    0.001000   2.000e+08   0.02000          0           0.00000
21         6  16    0.001000   2.000e+08   0.02000          0           0.00000
22         7  18    0.001000   2.000e+08   0.02000          0           0.00000
23        17  18    0.001000   2.000e+08   0.02000          0           0.00000
24         6  18    0.001000   2.000e+08   0.02000          0           0.00000
25         7  17    0.001000   2.000e+08   0.02000          0           0.00000
26         8  19    0.001000   2.000e+08   0.02000          0           0.00000
27        18  19    0.001000   2.000e+08   0.02000          0           0.00000
28         7  19    0.001000   2.000e+08   0.02000          0           0.00000
29         8  18    0.001000   2.000e+08   0.02000          0           0.00000
30         9  20    0.001000   2.000e+08   0.02000          0           0.00000
31        19  20    0.001000   2.000e+08   0.02000          0           0.00000
32         8  20    0.001000   2.000e+08   0.02000          0           0.00000
33         9  19    0.001000   2.000e+08   0.02000          0           0.00000
34        10  21    0.001000   2.000e+08   0.02000          0           0.00000
35        20  21    0.001000   2.000e+08   0.02000          0           0.00000
36         9  21    0.001000   2.000e+08   0.02000          0           0.00000
37        10  20    0.001000   2.000e+08   0.02000          0           0.00000
38        11  22    0.001000   2.000e+08   0.02000          0           0.00000
39        21  22    0.001000   2.000e+08   0.02000          0           0.00000
40        10  22    0.001000   2.000e+08   0.02000          0           0.00000
41        11  21    0.001000   2.000e+08   0.02000          0           0.00000
42        12  23    0.001000   2.000e+08   0.02000          0           0.00000
43        13  24    0.001000   2.000e+08   0.02000          0           0.00000
44        23  24    0.001000   2.000e+08   0.02000          0           0.00000
45        12  24    0.001000   2.000e+08   0.02000          0           0.00000
46        13  23    0.001000   2.000e+08   0.02000          0           0.00000
47        14  25    0.001000   2.000e+08   0.02000          0           0.00000
48        24  25    0.001000   2.000e+08   0.02000          0           0.00000
49        13  25    0.001000   2.000e+08   0.02000          0           0.00000
50        14  24    0.001000   2.000e+08   0.02000          0           0.00000
51        15  26    0.001000   2.000e+08   0.02000          0           0.00000
52        25  26    0.001000   2.000e+08   0.02000          0           0.00000
53        14  26    0.001000   2.000e+08   0.02000          0           0.00000
54        15  25    0.001000   2.000e+08   0.02000          0           0.00000
55        16  27    0.001000   2.000e+08   0.02000          0           0.00000
56        26  27    0.001000   2.000e+08   0.02000          0           0.00000
57        15  27    0.001000   2.000e+08   0.02000          0           0.00000
58        16  26    0.001000   2.000e+08   0.02000          0           0.00000
59        17  28    0.001000   2.000e+08   0.02000          0           0.00000
60        27  28    0.001000   2.000e+08   0.02000          0           0.00000
61        16  28    0.001000   2.000e+08   0.02000          0           0.00000
62        17  27    0.001000   2.000e+08   0.02000          0           0.00000
63        18  29    0.001000   2.000e+08   0.02000          0           0.00000
64        28  29    0.001000   2.000e+08   0.02000          0           0.00000
65        17  29    0.001000   2.000e+08   0.02000          0           0.00000
66        18  28    0.001000   2.000e+08   0.02000          0           0.00000
67        19  30    0.001000   2.000e+08   0.02000          0           0.00000
68        29  30    0.001000   2.000e+08   0.02000          0           0.00000
69        18  30    0.001000   2.000e+08   0.02000          0           0.00000
70        19  29    0.001000   2.000e+08   0.02000          0           0.00000
71        20  31    0.001000   2.000e+08   0.02000          0           0.00000
72        30  31    0.001000   2.000e+08   0.02000          0           0.00000
73        19  31    0.001000   2.000e+08   0.02000          0           0.00000
74        20  30    0.001000   2.000e+08   0.02000          0           0.00000
75        21  32    0.001000   2.000e+08   0.02000          0           0.00000
76        31  32    0.001000   2.000e+08   0.02000          0           0.00000
77        20  32    0.001000   2.000e+08   0.02000          0           0.00000
78        21  31    0.001000   2.000e+08   0.02000          0           0.00000
79        22  33    0.001000   2.000e+08   0.02000          0           0.00000
80        32  33    0.001000   2.000e+08   0.02000          0           0.00000
81        21  33    0.001000   2.000e+08   0.02000          0           0.00000
82        22  32    0.001000   2.000e+08   0.02000          0           0.00000
83        23  34    0.001000   2.000e+08   0.02000          0           0.00000
84        24  35    0.001000   2.000e+08   0.02000          0           0.00000
85        34  35    0.001000   2.000e+08   0.02000          0           0.00000
86        23  35    0.001000   2.000e+08   0.02000          0           0.00000
87        24  34    0.001000   2.000e+08   0.02000          0           0.00000
88        25  36    0.001000   2.000e+08   0.02000          0           0.00000
89        35  36    0.001000   2.000e+08   0.02000          0           0.00000
90        24  36    0.001000   2.000e+08   0.02000          0           0.00000
91        25  35    0.001000   2.000e+08   0.02000          0           0.00000
92        26  37    0.001000   2.000e+08   0.02000          0           0.00000
93        36  37    0.001000   2.000e+08   0.02000          0           0.00000
94        25  37    0.001000   2.000e+08   0.02000          0           0.00000
95        26  36    0.001000   2.000e+08   0.02000          0           0.00000
96        27  38    0.001000   2.000e+08   0.02000          0           0.00000
97        37  38    0.001000   2.000e+08   0.02000          0           0.00000
98        26  38    0.001000   2.000e+08   0.02000          0           0.00000
99        27  37    0.001000   2.000e+08   0.02000          0           0.00000
100        28  39    0.001000   2.000e+08   0.02000          0           0.00000
101        38  39    0.001000   2.000e+08   0.02000          0           0.00000
102        27  39    0.001000   2.000e+08   0.02000          0           0.00000
103        28  38    0.001000   2.000e+08   0.02000          0           0.00000
104        29  40    0.001000   2.000e+08   0.02000          0           0.00000
105        39  40    0.001000   2.000e+08   0.02000          0           0.00000
106        28  40    0.001000   2.000e+08   0.02000          0           0.00000
107        29  39    0.001000   2.000e+08   0.02000          0           0.00000
108        30  41    0.001000   2.000e+08   0.02000          0           0.00000
109        40  41    0.001000   2.000e+08   0.02000          0           0.00000
110        29  41    0.001000   2.000e+08   0.02000          0           0.00000
111        30  40    0.001000   2.000e+08   0.02000          0           0.00000
112        31  42    0.001000   2.000e+08   0.02000          0           0.00000
113        41  42    0.001000   2.000e+08   0.02000          0           0.00000
114        30  42    0.001000   2.000e+08   0.02000          0           0.00000
115        31  41    0.001000   2.000e+08   0.02000          0           0.00000
116        32  43    0.001000   2.000e+08   0.02000          0           0.00000
117        42  43    0.001000   2.000e+08   0.02000          0           0.00000
118        31  43    0.001000   2.000e+08   0.02000          0           0.00000
119        32  42    0.001000   2.000e+08   0.02000          0           0.00000
120        33  44    0.001000   2.000e+08   0.02000          0           0.00000
121        43  44    0.001000   2.000e+08   0.02000          0           0.00000
122        32  44    0.001000   2.000e+08   0.02000          0           0.00000
123        33  43    0.001000   2.000e+08   0.02000          0           0.00000
124        34  45    0.001000   2.000e+08   0.02000          0           0.00000
125        35  46    0.001000   2.000e+08   0.02000          0           0.00000
126        45  46    0.001000   2.000e+08   0.02000          0           0.00000
127        34  46    0.001000   2.000e+08   0.02000          0           0.00000
128        35  45    0.001000   2.000e+08   0.02000          0           0.00000
129        36  47    0.001000   2.000e+08   0.02000          0           0.00000
130        46  47    0.001000   2.000e+08   0.02000          0           0.00000
131        35  47    0.001000   2.000e+08   0.02000          0           0.00000
132        36  46    0.001000   2.000e+08   0.02000          0           0.00000
133        37  48    0.001000   2.000e+08   0.02000          0           0.00000
134        47  48    0.001000   2.000e+08   0.02000          0           0.00000
135        36  48    0.001000   2.000e+08   0.02000          0           0.00000
136        37  47    0.001000   2.000e+08   0.02000          0           0.00000
137        38  49    0.001000   2.000e+08   0.02000          0           0.00000
138        48  49    0.001000   2.000e+08   0.02000          0           0.00000
139        37  49    0.001000   2.000e+08   0.02000          0           0.00000
140        38  48    0.001000   2.000e+08   0.02000          0           0.00000
141        39  50    0.001000   2.000e+08   0.02000          0           0.00000
142        49  50    0.001000   2.000e+08   0.02000          0           0.00000
143        38  50    0.001000   2.000e+08   0.02000          0           0.00000
144        39  49    0.001000   2.000e+08   0.02000          0           0.00000
145        40  51    0.001000   2.000e+08   0.02000          0           0.00000
146        50  51    0.001000   2.000e+08   0.02000          0           0.00000
147        39  51    0.001000   2.000e+08   0.02000          0           0.00000
148        40  50    0.001000   2.000e+08   0.02000          0           0.00000
149        41  52    0.001000   2.000e+08   0.02000          0           0.00000
150        51  52    0.001000   2.000e+08   0.02000          0           0.00000
151        40  52    0.001000   2.000e+08   0.02000          0           0.00000
152        41  51    0.001000   2.000e+08   0.02000          0           0.00000
153        42  53    0.001000   2.000e+08   0.02000          0           0.00000
154        52  53    0.001000   2.000e+08   0.02000          0           0.00000
155        41  53    0.001000   2.000e+08   0.02000          0           0.00000
156        42  52    0.001000   2.000e+08   0.02000          0           0.00000
157        43  54    0.001000   2.000e+08   0.02000          0           0.00000
158        53  54    0.001000   2.000e+08   0.02000          0           0.00000
159        42  54    0.001000   2.000e+08   0.02000          0           0.00000
160        43  53    0.001000   2.000e+08   0.02000          0           0.00000
161        44  55    0.001000   2.000e+08   0.02000          0           0.00000
162        54  55    0.001000   2.000e+08   0.02000          0           0.00000
163        43  55    0.001000   2.000e+08   0.02000          0           0.00000
164        44  54    0.001000   2.000e+08   0.02000          0           0.00000
165        45  56    0.001000   2.000e+08   0.02000          0           0.00000
166        46  57    0.001000   2.000e+08   0.02000          0           0.00000
167        56  57    0.001000   2.000e+08   0.02000          0           0.00000
168        45  57    0.001000   2.000e+08   0.02000          0           0.00000
169        46  56    0.001000   2.000e+08   0.02000          0           0.00000
170        47  58    0.001000   2.000e+08   0.02000          0           0.00000
171        57  58    0.001000   2.000e+08   0.02000          0           0.00000
172        46  58    0.001000   2.000e+08   0.02000          0           0.00000
173        47  57    0.001000   2.000e+08   0.02000          0           0.00000
174        48  59    0.001000   2.000e+08   0.02000          0           0.00000
175        58  59    0.001000   2.000e+08   0.02000          0           0.00000
176        47  59    0.001000   2.000e+08   0.02000          0           0.00000
177        48  58    0.001000   2.000e+08   0.02000          0           0.00000
178        49  60    0.001000   2.000e+08   0.02000          0           0.00000
179        59  60    0.001000   2.000e+08   0.02000          0           0.00000
180        48  60    0.001000   2.000e+08   0.02000          0           0.00000
181        49  59    0.001000   2.000e+08   0.02000          0           0.00000
182        50  61    0.001000   2.000e+08   0.02000          0           0.00000
183        60  61    0.001000   2.000e+08   0.02000          0           0.00000
184        49  61    0.001000   2.000e+08   0.02000          0           0.00000
185        50  60    0.001000   2.000e+08   0.02000          0           0.00000
186        51  62    0.001000   2.000e+08   0.02000          0           0.00000
187        61  62    0.001000   2.000e+08   0.02000          0           0.00000
188        50  62    0.001000   2.000e+08   0.02000          0           0.00000
189        51  61    0.001000   2.000e+08   0.02000          0           0.00000
190        52  63    0.001000   2.000e+08   0.02000          0           0.00000
191        62  63    0.001000   2.000e+08   0.02000          0           0.00000
192        51  63    0.001000   2.000e+08   0.02000          0           0.00000
193        52  62    0.001000   2.000e+08   0.02000          0           0.00000
194        53  64    0.001000   2.000e+08   0.02000          0           0.00000
195        63  64    0.001000   2.000e+08   0.02000          0           0.00000
196        52  64    0.001000   2.000e+08   0.02000          0           0.00000
197        53  63    0.001000   2.000e+08   0.02000          0           0.00000
198        54  65    0.001000   2.000e+08   0.02000          0           0.00000
199        64  65    0.001000   2.000e+08   0.02000          0           0.00000
200        53  65    0.001000   2.000e+08   0.02000          0           0.00000
201        54  64    0.001000   2.000e+08   0.02000          0           0.00000
202        55  66    0.001000   2.000e+08   0.02000          0           0.00000
203        65  66    0.001000   2.000e+08   0.02000          0           0.00000
204        54  66    0.001000   2.000e+08   0.02000          0           0.00000
205        55  65    0.001000   2.000e+08   0.02000          0           0.00000
206        56  67    0.001000   2.000e+08   0.02000          0           0.00000
207        57  68    0.001000   2.000e+08   0.02000          0           0.00000
208        67  68    0.001000   2.000e+08   0.02000          0           0.00000
209        56  68    0.001000   2.000e+08   0.02000          0           0.00000
210        57  67    0.001000   2.000e+08   0.02000          0           0.00000
211        58  69    0.001000   2.000e+08   0.02000          0           0.00000
212        68  69    0.001000   2.000e+08   0.02000          0           0.00000
213        57  69    0.001000   2.000e+08   0.02000          0           0.00000
214        58  68    0.001000   2.000e+08   0.02000          0           0.00000
215        59  70    0.001000   2.000e+08   0.02000          0           0.00000
216        69  70    0.001000   2.000e+08   0.02000          0           0.00000
217        58  70    0.001000   2.000e+08   0.02000          0           0.00000
218        59  69    0.001000   2.000e+08   0.02000          0           0.00000
219        60  71    0.001000   2.000e+08   0.02000          0           0.00000
220        70  71    0.001000   2.000e+08   0.02000          0           0.00000
221        59  71    0.001000   2.000e+08   0.02000          0           0.00000
222        60  70    0.001000   2.000e+08   0.02000          0           0.00000
223        61  72    0.001000   2.000e+08   0.02000          0           0.00000
224        71  72    0.001000   2.000e+08   0.02000          0           0.00000
225        60  72    0.001000   2.000e+08   0.02000          0           0.00000
226        61  71    0.001000   2.000e+08   0.02000          0           0.00000
227        62  73    0.001000   2.000e+08   0.02000          0           0.00000
228        72  73    0.001000   2.000e+08   0.02000          0           0.00000
229        61  73    0.001000   2.000e+08   0.02000          0           0.00000
230        62  72    0.001000   2.000e+08   0.02000          0           0.00000
231        63  74    0.001000   2.000e+08   0.02000          0           0.00000
232        73  74    0.001000   2.000e+08   0.02000          0           0.00000
233        62  74    0.001000   2.000e+08   0.02000          0           0.00000
234        63  73    0.001000   2.000e+08   0.02000          0           0.00000
235        64  75    0.001000   2.000e+08   0.02000          0           0.00000
236        74  75    0.001000   2.000e+08   0.02000          0           0.00000
237        63  75    0.001000   2.000e+08   0.02000          0           0.00000
238        64  74    0.001000   2.000e+08   0.02000          0           0.00000
239        65  76    0.001000   2.000e+08   0.02000          0           0.00000
240        75  76    0.001000   2.000e+08   0.02000          0           0.00000
241        64  76    0.001000   2.000e+08   0.02000          0           0.00000
242        65  75    0.001000   2.000e+08   0.02000          0           0.00000
243        66  77    0.001000   2.000e+08   0.02000          0           0.00000
244        76  77    0.001000   2.000e+08   0.02000          0           0.00000
245        65  77    0.001000   2.000e+08   0.02000          0           0.00000
246        66  76    0.001000   2.000e+08   0.02000          0           0.00000
247        67  78    0.001000   2.000e+08   0.02000          0           0.00000
248        68  79    0.001000   2.000e+08   0.02000          0           0.00000
249        78  79    0.001000   2.000e+08   0.02000          0           0.00000
250        67  79    0.001000   2.000e+08   0.02000          0           0.00000
251        68  78    0.001000   2.000e+08   0.02000          0           0.00000
252        69  80    0.001000   2.000e+08   0.02000          0           0.00000
253        79  80    0.001000   2.000e+08   0.02000          0           0.00000
254        68  80    0.001000   2.000e+08   0.02000          0           0.00000
255        69  79    0.001000   2.000e+08   0.02000          0           0.00000
256        70  81    0.001000   2.000e+08   0.02000          0           0.00000
257        80  81    0.001000   2.000e+08   0.02000          0           0.00000
258        69  81    0.001000   2.000e+08   0.02000          0           0.00000
259        70  80    0.001000   2.000e+08   0.02000          0           0.00000
260        71  82    0.001000   2.000e+08   0.02000          0           0.00000
261        81  82    0.001000   2.000e+08   0.02000          0           0.00000
262        70  82    0.001000   2.000e+08   0.02000          0           0.00000
263        71  81    0.001000   2.000e+08   0.02000          0           0.00000
264        72  83    0.001000   2.000e+08   0.02000          0           0.00000
265        82  83    0.001000   2.000e+08   0.02000          0           0.00000
266        71  83    0.001000   2.000e+08   0.02000          0           0.00000
267        72  82    0.001000   2.000e+08   0.02000          0           0.00000
268        73  84    0.001000   2.000e+08   0.02000          0           0.00000
269        83  84    0.001000   2.000e+08   0.02000          0           0.00000
270        72  84    0.001000   2.000e+08   0.02000          0           0.00000
271        73  83    0.001000   2.000e+08   0.02000          0           0.00000
272        74  85    0.001000   2.000e+08   0.02000          0           0.00000
273        84  85    0.001000   2.000e+08   0.02000          0           0.00000
274        73  85    0.001000   2.000e+08   0.02000          0           0.00000
275        74  84    0.001000   2.000e+08   0.02000          0           0.00000
276        75  86    0.001000   2.000e+08   0.02000          0           0.00000
277        85  86    0.001000   2.000e+08   0.02000          0           0.00000
278        74  86    0.001000   2.000e+08   0.02000          0           0.00000
279        75  85    0.001000   2.000e+08   0.02000          0           0.00000
280        76  87    0.001000   2.000e+08   0.02000          0           0.00000
281        86  87    0.001000   2.000e+08   0.02000          0           0.00000
282        75  87    0.001000   2.000e+08   0.02000          0           0.00000
283        76  86    0.001000   2.000e+08   0.02000          0           0.00000
284        77  88    0.001000   2.000e+08   0.02000          0           0.00000
285        87  88    0.001000   2.000e+08   0.02000          0           0.00000
286        76  88    0.001000   2.000e+08   0.02000          0           0.00000
287        77  87    0.001000   2.000e+08   0.02000          0           0.00000
288        78  89    0.001000   2.000e+08   0.02000          0           0.00000
289        79  90    0.001000   2.000e+08   0.02000          0           0.00000
290        89  90    0.001000   2.000e+08   0.02000          0           0.00000
291        78  90    0.001000   2.000e+08   0.02000          0           0.00000
292        79  89    0.001000   2.000e+08   0.02000          0           0.00000
293        80  91    0.001000   2.000e+08   0.02000          0           0.00000
294        90  91    0.001000   2.000e+08   0.02000          0           0.00000
295        79  91    0.001000   2.000e+08   0.02000          0           0.00000
296        80  90    0.001000   2.000e+08   0.02000          0           0.00000
297        81  92    0.001000   2.000e+08   0.02000          0           0.00000
298        91  92    0.001000   2.000e+08   0.02000          0           0.00000
299        80  92    0.001000   2.000e+08   0.02000          0           0.00000
300        81  91    0.001000   2.000e+08   0.02000          0           0.00000
301        82  93    0.001000   2.000e+08   0.02000          0           0.00000
302        92  93    0.001000   2.000e+08   0.02000          0           0.00000
303        81  93    0.001000   2.000e+08   0.02000          0           0.00000
304        82  92    0.001000   2.000e+08   0.02000          0           0.00000
305        83  94    0.001000   2.000e+08   0.02000          0           0.00000
306        93  94    0.001000   2.000e+08   0.02000          0           0.00000
307        82  94    0.001000   2.000e+08   0.02000          0           0.00000
308        83  93    0.001000   2.000e+08   0.02000          0           0.00000
309        84  95    0.001000   2.000e+08   0.02000          0           0.00000
310        94  95    0.001000   2.000e+08   0.02000          0           0.00000
311        83  95    0.001000   2.000e+08   0.02000          0           0.00000
312        84  94    0.001000   2.000e+08   0.02000          0           0.00000
313        85  96    0.001000   2.000e+08   0.02000          0           0.00000
314        95  96    0.001000   2.000e+08   0.02000          0           0.00000
315        84  96    0.001000   2.000e+08   0.02000          0           0.00000
316        85  95    0.001000   2.000e+08   0.02000          0           0.00000
317        86  97    0.001000   2.000e+08   0.02000          0           0.00000
318        96  97    0.001000   2.000e+08   0.02000          0           0.00000
319        85  97    0.001000   2.000e+08   0.02000          0           0.00000
320        86  96    0.001000   2.000e+08   0.02000          0           0.00000
321        87  98    0.001000   2.000e+08   0.02000          0           0.00000
322        97  98    0.001000   2.000e+08   0.02000          0           0.00000
323        86  98    0.001000   2.000e+08   0.02000          0           0.00000
324        87  97    0.001000   2.000e+08   0.02000          0           0.00000
325        88  99    0.001000   2.000e+08   0.02000          0           0.00000
326        98  99    0.001000   2.000e+08   0.02000          0           0.00000
327        87  99    0.001000   2.000e+08   0.02000          0           0.00000
328        88  98    0.001000   2.000e+08   0.02000          0           0.00000
329        89  100    0.001000   2.000e+08   0.02000          0           0.00000
330        90  101    0.001000   2.000e+08   0.02000          0           0.00000
331        100  101    0.001000   2.000e+08   0.02000          0           0.00000
332        89  101    0.001000   2.000e+08   0.02000          0           0.00000
333        90  100    0.001000   2.000e+08   0.02000          0           0.00000
334        91  102    0.001000   2.000e+08   0.02000          0           0.00000
335        101  102    0.001000   2.000e+08   0.02000          0           0.00000
336        90  102    0.001000   2.000e+08   0.02000          0           0.00000
337        91  101    0.001000   2.000e+08   0.02000          0           0.00000
338        92  103    0.001000   2.000e+08   0.02000          0           0.00000
339        102  103    0.001000   2.000e+08   0.02000          0           0.00000
340        91  103    0.001000   2.000e+08   0.02000          0           0.00000
341        92  102    0.001000   2.000e+08   0.02000          0           0.00000
342        93  104    0.001000   2.000e+08   0.02000          0           0.00000
343        103  104    0.001000   2.000e+08   0.02000          0           0.00000
344        92  104    0.001000   2.000e+08   0.02000          0           0.00000
345        93  103    0.001000   2.000e+08   0.02000          0           0.00000
346        94  105    0.001000   2.000e+08   0.02000          0           0.00000
347        104  105    0.001000   2.000e+08   0.02000          0           0.00000
348        93  105    0.001000   2.000e+08   0.02000          0           0.00000
349        94  104    0.001000   2.000e+08   0.02000          0           0.00000
350        95  106    0.001000   2.000e+08   0.02000          0           0.00000
351        105  106    0.001000   2.000e+08   0.02000          0           0.00000
352        94  106    0.001000   2.000e+08   0.02000          0           0.00000
353        95  105    0.001000   2.000e+08   0.02000          0           0.00000
354        96  107    0.001000   2.000e+08   0.02000          0           0.00000
355        106  107    0.001000   2.000e+08   0.02000          0           0.00000
356        95  107    0.001000   2.000e+08   0.02000          0           0.00000
357        96  106    0.001000   2.000e+08   0.02000          0           0.00000
358        97  108    0.001000   2.000e+08   0.02000          0           0.00000
359        107  108    0.001000   2.000e+08   0.02000          0           0.00000
360        96  108    0.001000   2.000e+08   0.02000          0           0.00000
361        97  107    0.001000   2.000e+08   0.02000          0           0.00000
362        98  109    0.001000   2.000e+08   0.02000          0           0.00000
363        108  109    0.001000   2.000e+08   0.02000          0           0.00000
364        97  109    0.001000   2.000e+08   0.02000          0           0.00000
365        98  108    0.001000   2.000e+08   0.02000          0           0.00000
366        99  110    0.001000   2.000e+08   0.02000          0           0.00000
367        109  110    0.001000   2.000e+08   0.02000          0           0.00000
368        98  110    0.001000   2.000e+08   0.02000          0           0.00000
369        99  109    0.001000   2.000e+08   0.02000          0           0.00000
370        100  111    0.001000   2.000e+08   0.02000          0           0.00000
371        101  112    0.001000   2.000e+08   0.02000          0           0.00000
372        111  112    0.001000   2.000e+08   0.02000          0           0.00000
373        100  112    0.001000   2.000e+08   0.02000          0           0.00000
374        101  111    0.001000   2.000e+08   0.02000          0           0.00000
375        102  113    0.001000   2.000e+08   0.02000          0           0.00000
376        112  113    0.001000   2.000e+08   0.02000          0           0.00000
377        101  113    0.001000   2.000e+08   0.02000          0           0.00000
378        102  112    0.001000   2.000e+08   0.02000          0           0.00000
379        103  114    0.001000   2.000e+08   0.02000          0           0.00000
380        113  114    0.001000   2.000e+08   0.02000          0           0.00000
381        102  114    0.001000   2.000e+08   0.02000          0           0.00000
382        103  113    0.001000   2.000e+08   0.02000          0           0.00000
383        104  115    0.001000   2.000e+08   0.02000          0           0.00000
384        114  115    0.001000   2.000e+08   0.02000          0           0.00000
385        103  115    0.001000   2.000e+08   0.02000          0           0.00000
386        104  114    0.001000   2.000e+08   0.02000          0           0.00000
387        105  116    0.001000   2.000e+08   0.02000          0           0.00000
388        115  116    0.001000   2.000e+08   0.02000          0           0.00000
389        104  116    0.001000   2.000e+08   0.02000          0           0.00000
390        105  115    0.001000   2.000e+08   0.02000          1           0.00980
391        106  117    0.001000   2.000e+08   0.02000          1           0.00980
392        116  117    0.001000   2.000e+08   0.02000          0           0.00000
393        105  117    0.001000   2.000e+08   0.02000          0           0.00000
394        106  116    0.001000   2.000e+08   0.02000          0           0.00000
395        107  118    0.001000   2.000e+08   0.02000          0           0.00000
396        117  118    0.001000   2.000e+08   0.02000          0           0.00000
397        106  118    0.001000   2.000e+08   0.02000          0           0.00000
398        107  117    0.001000   2.000e+08   0.02000          0           0.00000
399        108  119    0.001000   2.000e+08   0.02000          0           0.00000
400        118  119    0.001000   2.000e+08   0.02000          0           0.00000
401        107  119    0.001000   2.000e+08   0.02000          0           0.00000
402        108  118    0.001000   2.000e+08   0.02000          0           0.00000
403        109  120    0.001000   2.000e+08   0.02000          0           0.00000
404        119  120    0.001000   2.000e+08   0.02000          0           0.00000
405        108  120    0.001000   2.000e+08   0.02000          0           0.00000
406        109  119    0.001000   2.000e+08   0.02000          0           0.00000
407        110  121    0.001000   2.000e+08   0.02000          0           0.00000
408        120  121    0.001000   2.000e+08   0.02000          0           0.00000
409        109  121    0.001000   2.000e+08   0.02000          0           0.00000
410        110  120    0.001000   2.000e+08   0.02000          0           0.00000
411         1   2    0.001000   2.000e+08   0.02000          1           0.00980
412         2   3    0.001000   2.000e+08   0.02000          1           0.00980
413         3   4    0.001000   2.000e+08   0.02000          1           0.00980
414         4   5    0.001000   2.000e+08   0.02000          1           0.00980
415         5   6    0.001000   2.000e+08   0.02000          1           0.00980
416         6   7    0.001000   2.000e+08   0.02000          1           0.00980
417         7   8    0.001000   2.000e+08   0.02000          1           0.00980
418         8   9    0.001000   2.000e+08   0.02000          1           0.00980
419         9  10    0.001000   2.000e+08   0.02000          1           0.00980
420        10  11    0.001000   2.000e+08   0.02000          1           0.00980
Groups Interval Solution
Number of Groups
 4
Group Number        Group Uncertainty   
 1                       0.00980    
 2                       0.00980    
 3                       0.00980    
 4                       0.00980    
hybrid1 particle swarm - fixed point one angle with range 0.785398
 particle swarm solution min 7.8539816340e-01 max 7.8539816340e-01  fvalue min 4.1758096810e-04  time 2.123312e+02 cpu time 794.890625 function evals 220
