hybrid1 fmincon - sensitivity one angle with range 0.785398
 Run on : 14-Sep-2023 13:58:59/nProgram hybrid interval  particle swarm - sensitivity 
 input file name popova1group 
Nodal information - Assembled  model
Node   X      Y     Restraints       Fx          Fy           beta-x    beta-y
 1    0.0    0.0    0    0           0.0          0.0           0.000      0.000
 2    1.0    0.0    1    0           0.0          0.0           0.000      0.000
 3    0.0    0.8    1    1          10.0          0.0           0.050      0.000
 4    1.0    0.8    1    1           0.0          0.0           0.000      0.000
Element information- Assembled model
Element    Nodes    Area            E        alfa      group no.    group gamma 
 1         1   2    0.001000   2.000e+08   0.02000          1           0.00980
 2         3   4    0.001000   2.000e+08   0.02000          1           0.00980
 3         1   3    0.001000   2.000e+08   0.02000          2           0.00980
 4         2   4    0.001000   2.000e+08   0.02000          2           0.00980
 5         1   4    0.001000   2.000e+08   0.02000          3           0.00980
 6         2   3    0.001000   2.000e+08   0.02000          4           0.00980
Groups Interval Solution
Number of Groups
 4
Group Number        Group Uncertainty   
 1                       0.00980    
 2                       0.00980    
 3                       0.00980    
 4                       0.00980    
hybrid1opt fmincon - sensitivity one angle with range 0.785398
 fmincon_sen solution min 7.8321102063e-01 max 7.8321102063e-01  fvalue min 3.2028123432e-05  time 5.491460e-02 cpu time 0.109375 function evals 27
 fmincon_sen solution min -1.6593720794e-01 max -1.6593720794e-01  fvalue max 6.5517749803e-05  time 8.395120e-02 cpu time 0.187500 function evals 65
