File name popova10group 
Nodal information - Assembled  model
Node   X      Y     Restraints       Fx          Fy           beta-x    beta-y
 1    0.0    0.0    0    0           0.0          0.0           0.000      0.000
 2    1.0    0.0    1    0           0.0          0.0           0.000      0.000
 3    0.0    0.8    1    1          10.0          0.0           0.050      0.000
 4    1.0    0.8    1    1           0.0          0.0           0.000      0.000
 5    0.0    1.5    1    1          10.0          0.0           0.050      0.000
 6    1.0    1.5    1    1           0.0          0.0           0.000      0.000
 7    0.0    2.3    1    1          10.0          0.0           0.050      0.000
 8    1.0    2.3    1    1           0.0          0.0           0.000      0.000
 9    0.0    3.0    1    1          10.0          0.0           0.050      0.000
10    1.0    3.0    1    1           0.0          0.0           0.000      0.000
11    0.0    3.8    1    1          10.0          0.0           0.050      0.000
12    1.0    3.8    1    1           0.0          0.0           0.000      0.000
13    0.0    4.5    1    1          10.0          0.0           0.050      0.000
14    1.0    4.5    1    1           0.0          0.0           0.000      0.000
15    0.0    5.3    1    1          10.0          0.0           0.050      0.000
16    1.0    5.3    1    1           0.0          0.0           0.000      0.000
17    0.0    6.0    1    1          10.0          0.0           0.050      0.000
18    1.0    6.0    1    1           0.0          0.0           0.000      0.000
19    0.0    6.8    1    1          10.0          0.0           0.050      0.000
20    1.0    6.8    1    1           0.0          0.0           0.000      0.000
21    0.0    7.5    1    1          10.0          0.0           0.050      0.000
22    1.0    7.5    1    1           0.0          0.0           0.000      0.000
Element information- Assembled model
Element    Nodes    Area            E        alfa      group no.    group gamma 
 1         1   2    0.001000   2.000e+08   0.02000          1           0.00980
 2         3   4    0.001000   2.000e+08   0.02000          1           0.00980
 3         5   6    0.001000   2.000e+08   0.02000          1           0.00980
 4         7   8    0.001000   2.000e+08   0.02000          1           0.00980
 5         9  10    0.001000   2.000e+08   0.02000          1           0.00980
 6        11  12    0.001000   2.000e+08   0.02000          1           0.00980
 7        13  14    0.001000   2.000e+08   0.02000          1           0.00980
 8        15  16    0.001000   2.000e+08   0.02000          1           0.00980
 9        17  18    0.001000   2.000e+08   0.02000          1           0.00980
10        19  20    0.001000   2.000e+08   0.02000          1           0.00980
11        21  22    0.001000   2.000e+08   0.02000          1           0.00980
12         1   3    0.001000   2.000e+08   0.02000          2           0.00980
13         3   5    0.001000   2.000e+08   0.02000          2           0.00980
14         5   7    0.001000   2.000e+08   0.02000          2           0.00980
15         7   9    0.001000   2.000e+08   0.02000          2           0.00980
16         9  11    0.001000   2.000e+08   0.02000          2           0.00980
17        11  13    0.001000   2.000e+08   0.02000          2           0.00980
18        13  15    0.001000   2.000e+08   0.02000          2           0.00980
19        15  17    0.001000   2.000e+08   0.02000          2           0.00980
20        17  19    0.001000   2.000e+08   0.02000          2           0.00980
21        19  21    0.001000   2.000e+08   0.02000          2           0.00980
22         2   4    0.001000   2.000e+08   0.02000          2           0.00980
23         4   6    0.001000   2.000e+08   0.02000          2           0.00980
24         6   8    0.001000   2.000e+08   0.02000          2           0.00980
25         8  10    0.001000   2.000e+08   0.02000          2           0.00980
26        10  12    0.001000   2.000e+08   0.02000          2           0.00980
27        12  14    0.001000   2.000e+08   0.02000          2           0.00980
28        14  16    0.001000   2.000e+08   0.02000          2           0.00980
29        16  18    0.001000   2.000e+08   0.02000          2           0.00980
30        18  20    0.001000   2.000e+08   0.02000          2           0.00980
31        20  22    0.001000   2.000e+08   0.02000          2           0.00980
32         1   4    0.001000   2.000e+08   0.02000          3           0.00980
33         3   6    0.001000   2.000e+08   0.02000          3           0.00980
34         5   8    0.001000   2.000e+08   0.02000          3           0.00980
35         7  10    0.001000   2.000e+08   0.02000          3           0.00980
36         9  12    0.001000   2.000e+08   0.02000          3           0.00980
37        11  14    0.001000   2.000e+08   0.02000          3           0.00980
38        13  16    0.001000   2.000e+08   0.02000          3           0.00980
39        15  18    0.001000   2.000e+08   0.02000          3           0.00980
40        17  20    0.001000   2.000e+08   0.02000          3           0.00980
41        19  22    0.001000   2.000e+08   0.02000          3           0.00980
42         2   3    0.001000   2.000e+08   0.02000          4           0.00980
43         4   5    0.001000   2.000e+08   0.02000          4           0.00980
44         6   7    0.001000   2.000e+08   0.02000          4           0.00980
45         8   9    0.001000   2.000e+08   0.02000          4           0.00980
46        10  11    0.001000   2.000e+08   0.02000          4           0.00980
47        12  13    0.001000   2.000e+08   0.02000          4           0.00980
48        14  15    0.001000   2.000e+08   0.02000          4           0.00980
49        16  17    0.001000   2.000e+08   0.02000          4           0.00980
50        18  19    0.001000   2.000e+08   0.02000          4           0.00980
51        20  21    0.001000   2.000e+08   0.02000          4           0.00980
Groups Interval Solution
Number of Groups
 4
Group Number        Group Uncertainty   
 1                       0.00980    
 2                       0.00980    
 3                       0.00980    
 4                       0.00980    
hybrid1 particle swarm - fixed point one angle with range 0.785398
 particle swarm solution min 7.8539816340e-01 max 7.8539816340e-01  fvalue min 3.3321599153e-02  time 4.859627e+00 cpu time 17.890625 function evals 220
 particle swarm solution min -1.5911695510e-01 max -1.5911695510e-01  fvalue max 6.8538715557e-02  time 1.095658e+01 cputime 40.875000 function evals 500
