File name popova100group 
Nodal information - Assembled  model
Node   X      Y     Restraints       Fx          Fy           beta-x    beta-y
 1    0.0    0.0    0    0           0.0          0.0           0.000      0.000
 2    0.1    0.0    1    0           0.0          0.0           0.000      0.000
 3    0.2    0.0    1    0           0.0          0.0           0.000      0.000
 4    0.3    0.0    1    0           0.0          0.0           0.000      0.000
 5    0.4    0.0    1    0           0.0          0.0           0.000      0.000
 6    0.5    0.0    1    0           0.0          0.0           0.000      0.000
 7    0.6    0.0    1    0           0.0          0.0           0.000      0.000
 8    0.7    0.0    1    0           0.0          0.0           0.000      0.000
 9    0.8    0.0    1    0           0.0          0.0           0.000      0.000
10    0.9    0.0    1    0           0.0          0.0           0.000      0.000
11    1.0    0.0    1    0           0.0          0.0           0.000      0.000
12    0.0    0.1    1    1          10.0          0.0           0.050      0.000
13    0.1    0.1    1    1           0.0          0.0           0.000      0.000
14    0.2    0.1    1    1           0.0          0.0           0.000      0.000
15    0.3    0.1    1    1           0.0          0.0           0.000      0.000
16    0.4    0.1    1    1           0.0          0.0           0.000      0.000
17    0.5    0.1    1    1           0.0          0.0           0.000      0.000
18    0.6    0.1    1    1           0.0          0.0           0.000      0.000
19    0.7    0.1    1    1           0.0          0.0           0.000      0.000
20    0.8    0.1    1    1           0.0          0.0           0.000      0.000
21    0.9    0.1    1    1           0.0          0.0           0.000      0.000
22    1.0    0.1    1    1           0.0          0.0           0.000      0.000
23    0.0    0.1    1    1          10.0          0.0           0.050      0.000
24    0.1    0.1    1    1           0.0          0.0           0.000      0.000
25    0.2    0.1    1    1           0.0          0.0           0.000      0.000
26    0.3    0.1    1    1           0.0          0.0           0.000      0.000
27    0.4    0.1    1    1           0.0          0.0           0.000      0.000
28    0.5    0.1    1    1           0.0          0.0           0.000      0.000
29    0.6    0.1    1    1           0.0          0.0           0.000      0.000
30    0.7    0.1    1    1           0.0          0.0           0.000      0.000
31    0.8    0.1    1    1           0.0          0.0           0.000      0.000
32    0.9    0.1    1    1           0.0          0.0           0.000      0.000
33    1.0    0.1    1    1           0.0          0.0           0.000      0.000
34    0.0    0.2    1    1          10.0          0.0           0.050      0.000
35    0.1    0.2    1    1           0.0          0.0           0.000      0.000
36    0.2    0.2    1    1           0.0          0.0           0.000      0.000
37    0.3    0.2    1    1           0.0          0.0           0.000      0.000
38    0.4    0.2    1    1           0.0          0.0           0.000      0.000
39    0.5    0.2    1    1           0.0          0.0           0.000      0.000
40    0.6    0.2    1    1           0.0          0.0           0.000      0.000
41    0.7    0.2    1    1           0.0          0.0           0.000      0.000
42    0.8    0.2    1    1           0.0          0.0           0.000      0.000
43    0.9    0.2    1    1           0.0          0.0           0.000      0.000
44    1.0    0.2    1    1           0.0          0.0           0.000      0.000
45    0.0    0.3    1    1          10.0          0.0           0.050      0.000
46    0.1    0.3    1    1           0.0          0.0           0.000      0.000
47    0.2    0.3    1    1           0.0          0.0           0.000      0.000
48    0.3    0.3    1    1           0.0          0.0           0.000      0.000
49    0.4    0.3    1    1           0.0          0.0           0.000      0.000
50    0.5    0.3    1    1           0.0          0.0           0.000      0.000
51    0.6    0.3    1    1           0.0          0.0           0.000      0.000
52    0.7    0.3    1    1           0.0          0.0           0.000      0.000
53    0.8    0.3    1    1           0.0          0.0           0.000      0.000
54    0.9    0.3    1    1           0.0          0.0           0.000      0.000
55    1.0    0.3    1    1           0.0          0.0           0.000      0.000
56    0.0    0.4    1    1          10.0          0.0           0.050      0.000
57    0.1    0.4    1    1           0.0          0.0           0.000      0.000
58    0.2    0.4    1    1           0.0          0.0           0.000      0.000
59    0.3    0.4    1    1           0.0          0.0           0.000      0.000
60    0.4    0.4    1    1           0.0          0.0           0.000      0.000
61    0.5    0.4    1    1           0.0          0.0           0.000      0.000
62    0.6    0.4    1    1           0.0          0.0           0.000      0.000
63    0.7    0.4    1    1           0.0          0.0           0.000      0.000
64    0.8    0.4    1    1           0.0          0.0           0.000      0.000
65    0.9    0.4    1    1           0.0          0.0           0.000      0.000
66    1.0    0.4    1    1           0.0          0.0           0.000      0.000
67    0.0    0.5    1    1          10.0          0.0           0.050      0.000
68    0.1    0.5    1    1           0.0          0.0           0.000      0.000
69    0.2    0.5    1    1           0.0          0.0           0.000      0.000
70    0.3    0.5    1    1           0.0          0.0           0.000      0.000
71    0.4    0.5    1    1           0.0          0.0           0.000      0.000
72    0.5    0.5    1    1           0.0          0.0           0.000      0.000
73    0.6    0.5    1    1           0.0          0.0           0.000      0.000
74    0.7    0.5    1    1           0.0          0.0           0.000      0.000
75    0.8    0.5    1    1           0.0          0.0           0.000      0.000
76    0.9    0.5    1    1           0.0          0.0           0.000      0.000
77    1.0    0.5    1    1           0.0          0.0           0.000      0.000
78    0.0    0.5    1    1          10.0          0.0           0.050      0.000
79    0.1    0.5    1    1           0.0          0.0           0.000      0.000
80    0.2    0.5    1    1           0.0          0.0           0.000      0.000
81    0.3    0.5    1    1           0.0          0.0           0.000      0.000
82    0.4    0.5    1    1           0.0          0.0           0.000      0.000
83    0.5    0.5    1    1           0.0          0.0           0.000      0.000
84    0.6    0.5    1    1           0.0          0.0           0.000      0.000
85    0.7    0.5    1    1           0.0          0.0           0.000      0.000
86    0.8    0.5    1    1           0.0          0.0           0.000      0.000
87    0.9    0.5    1    1           0.0          0.0           0.000      0.000
88    1.0    0.5    1    1           0.0          0.0           0.000      0.000
89    0.0    0.6    1    1          10.0          0.0           0.050      0.000
90    0.1    0.6    1    1           0.0          0.0           0.000      0.000
91    0.2    0.6    1    1           0.0          0.0           0.000      0.000
92    0.3    0.6    1    1           0.0          0.0           0.000      0.000
93    0.4    0.6    1    1           0.0          0.0           0.000      0.000
94    0.5    0.6    1    1           0.0          0.0           0.000      0.000
95    0.6    0.6    1    1           0.0          0.0           0.000      0.000
96    0.7    0.6    1    1           0.0          0.0           0.000      0.000
97    0.8    0.6    1    1           0.0          0.0           0.000      0.000
98    0.9    0.6    1    1           0.0          0.0           0.000      0.000
99    1.0    0.6    1    1           0.0          0.0           0.000      0.000
100    0.0    0.7    1    1          10.0          0.0           0.050      0.000
101    0.1    0.7    1    1           0.0          0.0           0.000      0.000
102    0.2    0.7    1    1           0.0          0.0           0.000      0.000
103    0.3    0.7    1    1           0.0          0.0           0.000      0.000
104    0.4    0.7    1    1           0.0          0.0           0.000      0.000
105    0.5    0.7    1    1           0.0          0.0           0.000      0.000
106    0.6    0.7    1    1           0.0          0.0           0.000      0.000
107    0.7    0.7    1    1           0.0          0.0           0.000      0.000
108    0.8    0.7    1    1           0.0          0.0           0.000      0.000
109    0.9    0.7    1    1           0.0          0.0           0.000      0.000
110    1.0    0.7    1    1           0.0          0.0           0.000      0.000
111    0.0    0.8    1    1          10.0          0.0           0.050      0.000
112    0.1    0.8    1    1           0.0          0.0           0.000      0.000
113    0.2    0.8    1    1           0.0          0.0           0.000      0.000
114    0.3    0.8    1    1           0.0          0.0           0.000      0.000
115    0.4    0.8    1    1           0.0          0.0           0.000      0.000
116    0.5    0.8    1    1           0.0          0.0           0.000      0.000
117    0.6    0.8    1    1           0.0          0.0           0.000      0.000
118    0.7    0.8    1    1           0.0          0.0           0.000      0.000
119    0.8    0.8    1    1           0.0          0.0           0.000      0.000
120    0.9    0.8    1    1           0.0          0.0           0.000      0.000
121    1.0    0.8    1    1           0.0          0.0           0.000      0.000
Element information- Assembled model
Element    Nodes    Area            E        alfa      group no.    group gamma 
 1         1   2    0.001000   2.000e+08   0.02000          1           0.00980
 2         2   3    0.001000   2.000e+08   0.02000          1           0.00980
 3         3   4    0.001000   2.000e+08   0.02000          1           0.00980
 4         4   5    0.001000   2.000e+08   0.02000          1           0.00980
 5         5   6    0.001000   2.000e+08   0.02000          1           0.00980
 6         6   7    0.001000   2.000e+08   0.02000          1           0.00980
 7         7   8    0.001000   2.000e+08   0.02000          1           0.00980
 8         8   9    0.001000   2.000e+08   0.02000          1           0.00980
 9         9  10    0.001000   2.000e+08   0.02000          1           0.00980
10        10  11    0.001000   2.000e+08   0.02000          1           0.00980
11        12  13    0.001000   2.000e+08   0.02000          1           0.00980
12        13  14    0.001000   2.000e+08   0.02000          1           0.00980
13        14  15    0.001000   2.000e+08   0.02000          1           0.00980
14        15  16    0.001000   2.000e+08   0.02000          1           0.00980
15        16  17    0.001000   2.000e+08   0.02000          1           0.00980
16        17  18    0.001000   2.000e+08   0.02000          1           0.00980
17        18  19    0.001000   2.000e+08   0.02000          1           0.00980
18        19  20    0.001000   2.000e+08   0.02000          1           0.00980
19        20  21    0.001000   2.000e+08   0.02000          1           0.00980
20        21  22    0.001000   2.000e+08   0.02000          1           0.00980
21        23  24    0.001000   2.000e+08   0.02000          1           0.00980
22        24  25    0.001000   2.000e+08   0.02000          1           0.00980
23        25  26    0.001000   2.000e+08   0.02000          1           0.00980
24        26  27    0.001000   2.000e+08   0.02000          1           0.00980
25        27  28    0.001000   2.000e+08   0.02000          1           0.00980
26        28  29    0.001000   2.000e+08   0.02000          1           0.00980
27        29  30    0.001000   2.000e+08   0.02000          1           0.00980
28        30  31    0.001000   2.000e+08   0.02000          1           0.00980
29        31  32    0.001000   2.000e+08   0.02000          1           0.00980
30        32  33    0.001000   2.000e+08   0.02000          1           0.00980
31        34  35    0.001000   2.000e+08   0.02000          1           0.00980
32        35  36    0.001000   2.000e+08   0.02000          1           0.00980
33        36  37    0.001000   2.000e+08   0.02000          1           0.00980
34        37  38    0.001000   2.000e+08   0.02000          1           0.00980
35        38  39    0.001000   2.000e+08   0.02000          1           0.00980
36        39  40    0.001000   2.000e+08   0.02000          1           0.00980
37        40  41    0.001000   2.000e+08   0.02000          1           0.00980
38        41  42    0.001000   2.000e+08   0.02000          1           0.00980
39        42  43    0.001000   2.000e+08   0.02000          1           0.00980
40        43  44    0.001000   2.000e+08   0.02000          1           0.00980
41        45  46    0.001000   2.000e+08   0.02000          1           0.00980
42        46  47    0.001000   2.000e+08   0.02000          1           0.00980
43        47  48    0.001000   2.000e+08   0.02000          1           0.00980
44        48  49    0.001000   2.000e+08   0.02000          1           0.00980
45        49  50    0.001000   2.000e+08   0.02000          1           0.00980
46        50  51    0.001000   2.000e+08   0.02000          1           0.00980
47        51  52    0.001000   2.000e+08   0.02000          1           0.00980
48        52  53    0.001000   2.000e+08   0.02000          1           0.00980
49        53  54    0.001000   2.000e+08   0.02000          1           0.00980
50        54  55    0.001000   2.000e+08   0.02000          1           0.00980
51        56  57    0.001000   2.000e+08   0.02000          1           0.00980
52        57  58    0.001000   2.000e+08   0.02000          1           0.00980
53        58  59    0.001000   2.000e+08   0.02000          1           0.00980
54        59  60    0.001000   2.000e+08   0.02000          1           0.00980
55        60  61    0.001000   2.000e+08   0.02000          1           0.00980
56        61  62    0.001000   2.000e+08   0.02000          1           0.00980
57        62  63    0.001000   2.000e+08   0.02000          1           0.00980
58        63  64    0.001000   2.000e+08   0.02000          1           0.00980
59        64  65    0.001000   2.000e+08   0.02000          1           0.00980
60        65  66    0.001000   2.000e+08   0.02000          1           0.00980
61        67  68    0.001000   2.000e+08   0.02000          1           0.00980
62        68  69    0.001000   2.000e+08   0.02000          1           0.00980
63        69  70    0.001000   2.000e+08   0.02000          1           0.00980
64        70  71    0.001000   2.000e+08   0.02000          1           0.00980
65        71  72    0.001000   2.000e+08   0.02000          1           0.00980
66        72  73    0.001000   2.000e+08   0.02000          1           0.00980
67        73  74    0.001000   2.000e+08   0.02000          1           0.00980
68        74  75    0.001000   2.000e+08   0.02000          1           0.00980
69        75  76    0.001000   2.000e+08   0.02000          1           0.00980
70        76  77    0.001000   2.000e+08   0.02000          1           0.00980
71        78  79    0.001000   2.000e+08   0.02000          1           0.00980
72        79  80    0.001000   2.000e+08   0.02000          1           0.00980
73        80  81    0.001000   2.000e+08   0.02000          1           0.00980
74        81  82    0.001000   2.000e+08   0.02000          1           0.00980
75        82  83    0.001000   2.000e+08   0.02000          1           0.00980
76        83  84    0.001000   2.000e+08   0.02000          1           0.00980
77        84  85    0.001000   2.000e+08   0.02000          1           0.00980
78        85  86    0.001000   2.000e+08   0.02000          1           0.00980
79        86  87    0.001000   2.000e+08   0.02000          1           0.00980
80        87  88    0.001000   2.000e+08   0.02000          1           0.00980
81        89  90    0.001000   2.000e+08   0.02000          1           0.00980
82        90  91    0.001000   2.000e+08   0.02000          1           0.00980
83        91  92    0.001000   2.000e+08   0.02000          1           0.00980
84        92  93    0.001000   2.000e+08   0.02000          1           0.00980
85        93  94    0.001000   2.000e+08   0.02000          1           0.00980
86        94  95    0.001000   2.000e+08   0.02000          1           0.00980
87        95  96    0.001000   2.000e+08   0.02000          1           0.00980
88        96  97    0.001000   2.000e+08   0.02000          1           0.00980
89        97  98    0.001000   2.000e+08   0.02000          1           0.00980
90        98  99    0.001000   2.000e+08   0.02000          1           0.00980
91        100  101    0.001000   2.000e+08   0.02000          1           0.00980
92        101  102    0.001000   2.000e+08   0.02000          1           0.00980
93        102  103    0.001000   2.000e+08   0.02000          1           0.00980
94        103  104    0.001000   2.000e+08   0.02000          1           0.00980
95        104  105    0.001000   2.000e+08   0.02000          1           0.00980
96        105  106    0.001000   2.000e+08   0.02000          1           0.00980
97        106  107    0.001000   2.000e+08   0.02000          1           0.00980
98        107  108    0.001000   2.000e+08   0.02000          1           0.00980
99        108  109    0.001000   2.000e+08   0.02000          1           0.00980
100        109  110    0.001000   2.000e+08   0.02000          1           0.00980
101        111  112    0.001000   2.000e+08   0.02000          1           0.00980
102        112  113    0.001000   2.000e+08   0.02000          1           0.00980
103        113  114    0.001000   2.000e+08   0.02000          1           0.00980
104        114  115    0.001000   2.000e+08   0.02000          1           0.00980
105        115  116    0.001000   2.000e+08   0.02000          1           0.00980
106        116  117    0.001000   2.000e+08   0.02000          1           0.00980
107        117  118    0.001000   2.000e+08   0.02000          1           0.00980
108        118  119    0.001000   2.000e+08   0.02000          1           0.00980
109        119  120    0.001000   2.000e+08   0.02000          1           0.00980
110        120  121    0.001000   2.000e+08   0.02000          1           0.00980
111         1  12    0.001000   2.000e+08   0.02000          2           0.00980
112        12  23    0.001000   2.000e+08   0.02000          2           0.00980
113        23  34    0.001000   2.000e+08   0.02000          2           0.00980
114        34  45    0.001000   2.000e+08   0.02000          2           0.00980
115        45  56    0.001000   2.000e+08   0.02000          2           0.00980
116        56  67    0.001000   2.000e+08   0.02000          2           0.00980
117        67  78    0.001000   2.000e+08   0.02000          2           0.00980
118        78  89    0.001000   2.000e+08   0.02000          2           0.00980
119        89  100    0.001000   2.000e+08   0.02000          2           0.00980
120        100  111    0.001000   2.000e+08   0.02000          2           0.00980
121         2  13    0.001000   2.000e+08   0.02000          2           0.00980
122        13  24    0.001000   2.000e+08   0.02000          2           0.00980
123        24  35    0.001000   2.000e+08   0.02000          2           0.00980
124        35  46    0.001000   2.000e+08   0.02000          2           0.00980
125        46  57    0.001000   2.000e+08   0.02000          2           0.00980
126        57  68    0.001000   2.000e+08   0.02000          2           0.00980
127        68  79    0.001000   2.000e+08   0.02000          2           0.00980
128        79  90    0.001000   2.000e+08   0.02000          2           0.00980
129        90  101    0.001000   2.000e+08   0.02000          2           0.00980
130        101  112    0.001000   2.000e+08   0.02000          2           0.00980
131         3  14    0.001000   2.000e+08   0.02000          2           0.00980
132        14  25    0.001000   2.000e+08   0.02000          2           0.00980
133        25  36    0.001000   2.000e+08   0.02000          2           0.00980
134        36  47    0.001000   2.000e+08   0.02000          2           0.00980
135        47  58    0.001000   2.000e+08   0.02000          2           0.00980
136        58  69    0.001000   2.000e+08   0.02000          2           0.00980
137        69  80    0.001000   2.000e+08   0.02000          2           0.00980
138        80  91    0.001000   2.000e+08   0.02000          2           0.00980
139        91  102    0.001000   2.000e+08   0.02000          2           0.00980
140        102  113    0.001000   2.000e+08   0.02000          2           0.00980
141         4  15    0.001000   2.000e+08   0.02000          2           0.00980
142        15  26    0.001000   2.000e+08   0.02000          2           0.00980
143        26  37    0.001000   2.000e+08   0.02000          2           0.00980
144        37  48    0.001000   2.000e+08   0.02000          2           0.00980
145        48  59    0.001000   2.000e+08   0.02000          2           0.00980
146        59  70    0.001000   2.000e+08   0.02000          2           0.00980
147        70  81    0.001000   2.000e+08   0.02000          2           0.00980
148        81  92    0.001000   2.000e+08   0.02000          2           0.00980
149        92  103    0.001000   2.000e+08   0.02000          2           0.00980
150        103  114    0.001000   2.000e+08   0.02000          2           0.00980
151         5  16    0.001000   2.000e+08   0.02000          2           0.00980
152        16  27    0.001000   2.000e+08   0.02000          2           0.00980
153        27  38    0.001000   2.000e+08   0.02000          2           0.00980
154        38  49    0.001000   2.000e+08   0.02000          2           0.00980
155        49  60    0.001000   2.000e+08   0.02000          2           0.00980
156        60  71    0.001000   2.000e+08   0.02000          2           0.00980
157        71  82    0.001000   2.000e+08   0.02000          2           0.00980
158        82  93    0.001000   2.000e+08   0.02000          2           0.00980
159        93  104    0.001000   2.000e+08   0.02000          2           0.00980
160        104  115    0.001000   2.000e+08   0.02000          2           0.00980
161         6  17    0.001000   2.000e+08   0.02000          2           0.00980
162        17  28    0.001000   2.000e+08   0.02000          2           0.00980
163        28  39    0.001000   2.000e+08   0.02000          2           0.00980
164        39  50    0.001000   2.000e+08   0.02000          2           0.00980
165        50  61    0.001000   2.000e+08   0.02000          2           0.00980
166        61  72    0.001000   2.000e+08   0.02000          2           0.00980
167        72  83    0.001000   2.000e+08   0.02000          2           0.00980
168        83  94    0.001000   2.000e+08   0.02000          2           0.00980
169        94  105    0.001000   2.000e+08   0.02000          2           0.00980
170        105  116    0.001000   2.000e+08   0.02000          2           0.00980
171         7  18    0.001000   2.000e+08   0.02000          2           0.00980
172        18  29    0.001000   2.000e+08   0.02000          2           0.00980
173        29  40    0.001000   2.000e+08   0.02000          2           0.00980
174        40  51    0.001000   2.000e+08   0.02000          2           0.00980
175        51  62    0.001000   2.000e+08   0.02000          2           0.00980
176        62  73    0.001000   2.000e+08   0.02000          2           0.00980
177        73  84    0.001000   2.000e+08   0.02000          2           0.00980
178        84  95    0.001000   2.000e+08   0.02000          2           0.00980
179        95  106    0.001000   2.000e+08   0.02000          2           0.00980
180        106  117    0.001000   2.000e+08   0.02000          2           0.00980
181         8  19    0.001000   2.000e+08   0.02000          2           0.00980
182        19  30    0.001000   2.000e+08   0.02000          2           0.00980
183        30  41    0.001000   2.000e+08   0.02000          2           0.00980
184        41  52    0.001000   2.000e+08   0.02000          2           0.00980
185        52  63    0.001000   2.000e+08   0.02000          2           0.00980
186        63  74    0.001000   2.000e+08   0.02000          2           0.00980
187        74  85    0.001000   2.000e+08   0.02000          2           0.00980
188        85  96    0.001000   2.000e+08   0.02000          2           0.00980
189        96  107    0.001000   2.000e+08   0.02000          2           0.00980
190        107  118    0.001000   2.000e+08   0.02000          2           0.00980
191         9  20    0.001000   2.000e+08   0.02000          2           0.00980
192        20  31    0.001000   2.000e+08   0.02000          2           0.00980
193        31  42    0.001000   2.000e+08   0.02000          2           0.00980
194        42  53    0.001000   2.000e+08   0.02000          2           0.00980
195        53  64    0.001000   2.000e+08   0.02000          2           0.00980
196        64  75    0.001000   2.000e+08   0.02000          2           0.00980
197        75  86    0.001000   2.000e+08   0.02000          2           0.00980
198        86  97    0.001000   2.000e+08   0.02000          2           0.00980
199        97  108    0.001000   2.000e+08   0.02000          2           0.00980
200        108  119    0.001000   2.000e+08   0.02000          2           0.00980
201        10  21    0.001000   2.000e+08   0.02000          2           0.00980
202        21  32    0.001000   2.000e+08   0.02000          2           0.00980
203        32  43    0.001000   2.000e+08   0.02000          2           0.00980
204        43  54    0.001000   2.000e+08   0.02000          2           0.00980
205        54  65    0.001000   2.000e+08   0.02000          2           0.00980
206        65  76    0.001000   2.000e+08   0.02000          2           0.00980
207        76  87    0.001000   2.000e+08   0.02000          2           0.00980
208        87  98    0.001000   2.000e+08   0.02000          2           0.00980
209        98  109    0.001000   2.000e+08   0.02000          2           0.00980
210        109  120    0.001000   2.000e+08   0.02000          2           0.00980
211        11  22    0.001000   2.000e+08   0.02000          2           0.00980
212        22  33    0.001000   2.000e+08   0.02000          2           0.00980
213        33  44    0.001000   2.000e+08   0.02000          2           0.00980
214        44  55    0.001000   2.000e+08   0.02000          2           0.00980
215        55  66    0.001000   2.000e+08   0.02000          2           0.00980
216        66  77    0.001000   2.000e+08   0.02000          2           0.00980
217        77  88    0.001000   2.000e+08   0.02000          2           0.00980
218        88  99    0.001000   2.000e+08   0.02000          2           0.00980
219        99  110    0.001000   2.000e+08   0.02000          2           0.00980
220        110  121    0.001000   2.000e+08   0.02000          2           0.00980
221         1  13    0.001000   2.000e+08   0.02000          3           0.00980
222        12  24    0.001000   2.000e+08   0.02000          3           0.00980
223        23  35    0.001000   2.000e+08   0.02000          3           0.00980
224        34  46    0.001000   2.000e+08   0.02000          3           0.00980
225        45  57    0.001000   2.000e+08   0.02000          3           0.00980
226        56  68    0.001000   2.000e+08   0.02000          3           0.00980
227        67  79    0.001000   2.000e+08   0.02000          3           0.00980
228        78  90    0.001000   2.000e+08   0.02000          3           0.00980
229        89  101    0.001000   2.000e+08   0.02000          3           0.00980
230        100  112    0.001000   2.000e+08   0.02000          3           0.00980
231         2  14    0.001000   2.000e+08   0.02000          3           0.00980
232        13  25    0.001000   2.000e+08   0.02000          3           0.00980
233        24  36    0.001000   2.000e+08   0.02000          3           0.00980
234        35  47    0.001000   2.000e+08   0.02000          3           0.00980
235        46  58    0.001000   2.000e+08   0.02000          3           0.00980
236        57  69    0.001000   2.000e+08   0.02000          3           0.00980
237        68  80    0.001000   2.000e+08   0.02000          3           0.00980
238        79  91    0.001000   2.000e+08   0.02000          3           0.00980
239        90  102    0.001000   2.000e+08   0.02000          3           0.00980
240        101  113    0.001000   2.000e+08   0.02000          3           0.00980
241         3  15    0.001000   2.000e+08   0.02000          3           0.00980
242        14  26    0.001000   2.000e+08   0.02000          3           0.00980
243        25  37    0.001000   2.000e+08   0.02000          3           0.00980
244        36  48    0.001000   2.000e+08   0.02000          3           0.00980
245        47  59    0.001000   2.000e+08   0.02000          3           0.00980
246        58  70    0.001000   2.000e+08   0.02000          3           0.00980
247        69  81    0.001000   2.000e+08   0.02000          3           0.00980
248        80  92    0.001000   2.000e+08   0.02000          3           0.00980
249        91  103    0.001000   2.000e+08   0.02000          3           0.00980
250        102  114    0.001000   2.000e+08   0.02000          3           0.00980
251         4  16    0.001000   2.000e+08   0.02000          3           0.00980
252        15  27    0.001000   2.000e+08   0.02000          3           0.00980
253        26  38    0.001000   2.000e+08   0.02000          3           0.00980
254        37  49    0.001000   2.000e+08   0.02000          3           0.00980
255        48  60    0.001000   2.000e+08   0.02000          3           0.00980
256        59  71    0.001000   2.000e+08   0.02000          3           0.00980
257        70  82    0.001000   2.000e+08   0.02000          3           0.00980
258        81  93    0.001000   2.000e+08   0.02000          3           0.00980
259        92  104    0.001000   2.000e+08   0.02000          3           0.00980
260        103  115    0.001000   2.000e+08   0.02000          3           0.00980
261         5  17    0.001000   2.000e+08   0.02000          3           0.00980
262        16  28    0.001000   2.000e+08   0.02000          3           0.00980
263        27  39    0.001000   2.000e+08   0.02000          3           0.00980
264        38  50    0.001000   2.000e+08   0.02000          3           0.00980
265        49  61    0.001000   2.000e+08   0.02000          3           0.00980
266        60  72    0.001000   2.000e+08   0.02000          3           0.00980
267        71  83    0.001000   2.000e+08   0.02000          3           0.00980
268        82  94    0.001000   2.000e+08   0.02000          3           0.00980
269        93  105    0.001000   2.000e+08   0.02000          3           0.00980
270        104  116    0.001000   2.000e+08   0.02000          3           0.00980
271         6  18    0.001000   2.000e+08   0.02000          3           0.00980
272        17  29    0.001000   2.000e+08   0.02000          3           0.00980
273        28  40    0.001000   2.000e+08   0.02000          3           0.00980
274        39  51    0.001000   2.000e+08   0.02000          3           0.00980
275        50  62    0.001000   2.000e+08   0.02000          3           0.00980
276        61  73    0.001000   2.000e+08   0.02000          3           0.00980
277        72  84    0.001000   2.000e+08   0.02000          3           0.00980
278        83  95    0.001000   2.000e+08   0.02000          3           0.00980
279        94  106    0.001000   2.000e+08   0.02000          3           0.00980
280        105  117    0.001000   2.000e+08   0.02000          3           0.00980
281         7  19    0.001000   2.000e+08   0.02000          3           0.00980
282        18  30    0.001000   2.000e+08   0.02000          3           0.00980
283        29  41    0.001000   2.000e+08   0.02000          3           0.00980
284        40  52    0.001000   2.000e+08   0.02000          3           0.00980
285        51  63    0.001000   2.000e+08   0.02000          3           0.00980
286        62  74    0.001000   2.000e+08   0.02000          3           0.00980
287        73  85    0.001000   2.000e+08   0.02000          3           0.00980
288        84  96    0.001000   2.000e+08   0.02000          3           0.00980
289        95  107    0.001000   2.000e+08   0.02000          3           0.00980
290        106  118    0.001000   2.000e+08   0.02000          3           0.00980
291         8  20    0.001000   2.000e+08   0.02000          3           0.00980
292        19  31    0.001000   2.000e+08   0.02000          3           0.00980
293        30  42    0.001000   2.000e+08   0.02000          3           0.00980
294        41  53    0.001000   2.000e+08   0.02000          3           0.00980
295        52  64    0.001000   2.000e+08   0.02000          3           0.00980
296        63  75    0.001000   2.000e+08   0.02000          3           0.00980
297        74  86    0.001000   2.000e+08   0.02000          3           0.00980
298        85  97    0.001000   2.000e+08   0.02000          3           0.00980
299        96  108    0.001000   2.000e+08   0.02000          3           0.00980
300        107  119    0.001000   2.000e+08   0.02000          3           0.00980
301         9  21    0.001000   2.000e+08   0.02000          3           0.00980
302        20  32    0.001000   2.000e+08   0.02000          3           0.00980
303        31  43    0.001000   2.000e+08   0.02000          3           0.00980
304        42  54    0.001000   2.000e+08   0.02000          3           0.00980
305        53  65    0.001000   2.000e+08   0.02000          3           0.00980
306        64  76    0.001000   2.000e+08   0.02000          3           0.00980
307        75  87    0.001000   2.000e+08   0.02000          3           0.00980
308        86  98    0.001000   2.000e+08   0.02000          3           0.00980
309        97  109    0.001000   2.000e+08   0.02000          3           0.00980
310        108  120    0.001000   2.000e+08   0.02000          3           0.00980
311        10  22    0.001000   2.000e+08   0.02000          3           0.00980
312        21  33    0.001000   2.000e+08   0.02000          3           0.00980
313        32  44    0.001000   2.000e+08   0.02000          3           0.00980
314        43  55    0.001000   2.000e+08   0.02000          3           0.00980
315        54  66    0.001000   2.000e+08   0.02000          3           0.00980
316        65  77    0.001000   2.000e+08   0.02000          3           0.00980
317        76  88    0.001000   2.000e+08   0.02000          3           0.00980
318        87  99    0.001000   2.000e+08   0.02000          3           0.00980
319        98  110    0.001000   2.000e+08   0.02000          3           0.00980
320        109  121    0.001000   2.000e+08   0.02000          3           0.00980
321         2  12    0.001000   2.000e+08   0.02000          4           0.00980
322        13  23    0.001000   2.000e+08   0.02000          4           0.00980
323        24  34    0.001000   2.000e+08   0.02000          4           0.00980
324        35  45    0.001000   2.000e+08   0.02000          4           0.00980
325        46  56    0.001000   2.000e+08   0.02000          4           0.00980
326        57  67    0.001000   2.000e+08   0.02000          4           0.00980
327        68  78    0.001000   2.000e+08   0.02000          4           0.00980
328        79  89    0.001000   2.000e+08   0.02000          4           0.00980
329        90  100    0.001000   2.000e+08   0.02000          4           0.00980
330        101  111    0.001000   2.000e+08   0.02000          4           0.00980
331         3  13    0.001000   2.000e+08   0.02000          4           0.00980
332        14  24    0.001000   2.000e+08   0.02000          4           0.00980
333        25  35    0.001000   2.000e+08   0.02000          4           0.00980
334        36  46    0.001000   2.000e+08   0.02000          4           0.00980
335        47  57    0.001000   2.000e+08   0.02000          4           0.00980
336        58  68    0.001000   2.000e+08   0.02000          4           0.00980
337        69  79    0.001000   2.000e+08   0.02000          4           0.00980
338        80  90    0.001000   2.000e+08   0.02000          4           0.00980
339        91  101    0.001000   2.000e+08   0.02000          4           0.00980
340        102  112    0.001000   2.000e+08   0.02000          4           0.00980
341         4  14    0.001000   2.000e+08   0.02000          4           0.00980
342        15  25    0.001000   2.000e+08   0.02000          4           0.00980
343        26  36    0.001000   2.000e+08   0.02000          4           0.00980
344        37  47    0.001000   2.000e+08   0.02000          4           0.00980
345        48  58    0.001000   2.000e+08   0.02000          4           0.00980
346        59  69    0.001000   2.000e+08   0.02000          4           0.00980
347        70  80    0.001000   2.000e+08   0.02000          4           0.00980
348        81  91    0.001000   2.000e+08   0.02000          4           0.00980
349        92  102    0.001000   2.000e+08   0.02000          4           0.00980
350        103  113    0.001000   2.000e+08   0.02000          4           0.00980
351         5  15    0.001000   2.000e+08   0.02000          4           0.00980
352        16  26    0.001000   2.000e+08   0.02000          4           0.00980
353        27  37    0.001000   2.000e+08   0.02000          4           0.00980
354        38  48    0.001000   2.000e+08   0.02000          4           0.00980
355        49  59    0.001000   2.000e+08   0.02000          4           0.00980
356        60  70    0.001000   2.000e+08   0.02000          4           0.00980
357        71  81    0.001000   2.000e+08   0.02000          4           0.00980
358        82  92    0.001000   2.000e+08   0.02000          4           0.00980
359        93  103    0.001000   2.000e+08   0.02000          4           0.00980
360        104  114    0.001000   2.000e+08   0.02000          4           0.00980
361         6  16    0.001000   2.000e+08   0.02000          4           0.00980
362        17  27    0.001000   2.000e+08   0.02000          4           0.00980
363        28  38    0.001000   2.000e+08   0.02000          4           0.00980
364        39  49    0.001000   2.000e+08   0.02000          4           0.00980
365        50  60    0.001000   2.000e+08   0.02000          4           0.00980
366        61  71    0.001000   2.000e+08   0.02000          4           0.00980
367        72  82    0.001000   2.000e+08   0.02000          4           0.00980
368        83  93    0.001000   2.000e+08   0.02000          4           0.00980
369        94  104    0.001000   2.000e+08   0.02000          4           0.00980
370        105  115    0.001000   2.000e+08   0.02000          4           0.00980
371         7  17    0.001000   2.000e+08   0.02000          4           0.00980
372        18  28    0.001000   2.000e+08   0.02000          4           0.00980
373        29  39    0.001000   2.000e+08   0.02000          4           0.00980
374        40  50    0.001000   2.000e+08   0.02000          4           0.00980
375        51  61    0.001000   2.000e+08   0.02000          4           0.00980
376        62  72    0.001000   2.000e+08   0.02000          4           0.00980
377        73  83    0.001000   2.000e+08   0.02000          4           0.00980
378        84  94    0.001000   2.000e+08   0.02000          4           0.00980
379        95  105    0.001000   2.000e+08   0.02000          4           0.00980
380        106  116    0.001000   2.000e+08   0.02000          4           0.00980
381         8  18    0.001000   2.000e+08   0.02000          4           0.00980
382        19  29    0.001000   2.000e+08   0.02000          4           0.00980
383        30  40    0.001000   2.000e+08   0.02000          4           0.00980
384        41  51    0.001000   2.000e+08   0.02000          4           0.00980
385        52  62    0.001000   2.000e+08   0.02000          4           0.00980
386        63  73    0.001000   2.000e+08   0.02000          4           0.00980
387        74  84    0.001000   2.000e+08   0.02000          4           0.00980
388        85  95    0.001000   2.000e+08   0.02000          4           0.00980
389        96  106    0.001000   2.000e+08   0.02000          4           0.00980
390        107  117    0.001000   2.000e+08   0.02000          4           0.00980
391         9  19    0.001000   2.000e+08   0.02000          4           0.00980
392        20  30    0.001000   2.000e+08   0.02000          4           0.00980
393        31  41    0.001000   2.000e+08   0.02000          4           0.00980
394        42  52    0.001000   2.000e+08   0.02000          4           0.00980
395        53  63    0.001000   2.000e+08   0.02000          4           0.00980
396        64  74    0.001000   2.000e+08   0.02000          4           0.00980
397        75  85    0.001000   2.000e+08   0.02000          4           0.00980
398        86  96    0.001000   2.000e+08   0.02000          4           0.00980
399        97  107    0.001000   2.000e+08   0.02000          4           0.00980
400        108  118    0.001000   2.000e+08   0.02000          4           0.00980
401        10  20    0.001000   2.000e+08   0.02000          4           0.00980
402        21  31    0.001000   2.000e+08   0.02000          4           0.00980
403        32  42    0.001000   2.000e+08   0.02000          4           0.00980
404        43  53    0.001000   2.000e+08   0.02000          4           0.00980
405        54  64    0.001000   2.000e+08   0.02000          4           0.00980
406        65  75    0.001000   2.000e+08   0.02000          4           0.00980
407        76  86    0.001000   2.000e+08   0.02000          4           0.00980
408        87  97    0.001000   2.000e+08   0.02000          4           0.00980
409        98  108    0.001000   2.000e+08   0.02000          4           0.00980
410        109  119    0.001000   2.000e+08   0.02000          4           0.00980
411        11  21    0.001000   2.000e+08   0.02000          4           0.00980
412        22  32    0.001000   2.000e+08   0.02000          4           0.00980
413        33  43    0.001000   2.000e+08   0.02000          4           0.00980
414        44  54    0.001000   2.000e+08   0.02000          4           0.00980
415        55  65    0.001000   2.000e+08   0.02000          4           0.00980
416        66  76    0.001000   2.000e+08   0.02000          4           0.00980
417        77  87    0.001000   2.000e+08   0.02000          4           0.00980
418        88  98    0.001000   2.000e+08   0.02000          4           0.00980
419        99  109    0.001000   2.000e+08   0.02000          4           0.00980
420        110  120    0.001000   2.000e+08   0.02000          4           0.00980
Groups Interval Solution
Number of Groups
 4
Group Number        Group Uncertainty   
 1                       0.00980    
 2                       0.00980    
 3                       0.00980    
 4                       0.00980    
hybrid1 particle swarm - fixed point one angle with range 0.785398
