hybrid1optga genitic algorthim  one angle with range 0.785398
 ga solution min 1.9601842102e+02 max 2.0399934553e+02  fvalue min 4.4831015642e-05  time 4.682192e+02 cpu time 1066.984375 function evals 91119
 ga solution min 1.9600271419e+02 max 2.0399875200e+02  fvalue max 1.1300476379e-04  time 9.347096e+02 cputime 2129.687500 function evals 182238

Nodal information - optimization model
Node   X      Y     Restraints       Fx          Fy           U-x    U-y
 1    0.0    0.0    0    0           0.0          0.0                    0               0
 2    0.1    0.0    1    0           0.0          0.0           2.9076634e-05               0
 3    0.2    0.0    1    0           0.0          0.0           4.3721299e-05               0
 4    0.3    0.0    1    0           0.0          0.0           5.2515235e-05               0
 5    0.4    0.0    1    0           0.0          0.0           5.8515648e-05               0
 6    0.5    0.0    1    0           0.0          0.0           6.2837489e-05               0
 7    0.6    0.0    1    0           0.0          0.0           6.6052381e-05               0
 8    0.7    0.0    1    0           0.0          0.0           6.849319e-05               0
 9    0.8    0.0    1    0           0.0          0.0           7.038192e-05               0
10    0.9    0.0    1    0           0.0          0.0           7.1933958e-05               0
11    1.0    0.0    1    0           0.0          0.0           7.3182719e-05               0
12    0.0    0.1    1    1          10.0          0.0           4.8690218e-05      1.4654139e-05
13    0.1    0.1    1    1           0.0          0.0           4.384298e-05      -5.7574261e-07
14    0.2    0.1    1    1           0.0          0.0           4.994894e-05      -1.798664e-06
15    0.3    0.1    1    1           0.0          0.0           5.5968996e-05      -1.9395927e-06
16    0.4    0.1    1    1           0.0          0.0           6.074751e-05      -1.9874826e-06
17    0.5    0.1    1    1           0.0          0.0           6.4428064e-05      -2.0753269e-06
18    0.6    0.1    1    1           0.0          0.0           6.7289914e-05      -2.2956659e-06
19    0.7    0.1    1    1           0.0          0.0           6.9530115e-05      -2.6083775e-06
20    0.8    0.1    1    1           0.0          0.0           7.1300497e-05      -3.0839413e-06
21    0.9    0.1    1    1           0.0          0.0           7.2855817e-05      -3.8046327e-06
22    1.0    0.1    1    1           0.0          0.0           7.4626944e-05      -5.1250712e-06
23    0.0    0.1    1    1          10.0          0.0           6.6473012e-05      2.330585e-05
24    0.1    0.1    1    1           0.0          0.0           6.2532399e-05      7.4104554e-06
25    0.2    0.1    1    1           0.0          0.0           6.0983641e-05      3.0608054e-07
26    0.3    0.1    1    1           0.0          0.0           6.2830471e-05      -1.9970245e-06
27    0.4    0.1    1    1           0.0          0.0           6.5489093e-05      -2.9946727e-06
28    0.5    0.1    1    1           0.0          0.0           6.8034236e-05      -3.6219303e-06
29    0.6    0.1    1    1           0.0          0.0           7.0203938e-05      -4.232859e-06
30    0.7    0.1    1    1           0.0          0.0           7.2017176e-05      -4.9702162e-06
31    0.8    0.1    1    1           0.0          0.0           7.3614147e-05      -6.0054543e-06
32    0.9    0.1    1    1           0.0          0.0           7.5094554e-05      -7.5390563e-06
33    1.0    0.1    1    1           0.0          0.0           7.6723847e-05      -9.9180914e-06
34    0.0    0.2    1    1          10.0          0.0           7.9811397e-05      2.878483e-05
35    0.1    0.2    1    1           0.0          0.0           7.5612523e-05      1.4194989e-05
36    0.2    0.2    1    1           0.0          0.0           7.2638034e-05      4.8832416e-06
37    0.3    0.2    1    1           0.0          0.0           7.1568439e-05      -1.4892072e-07
38    0.4    0.2    1    1           0.0          0.0           7.2068494e-05      -2.7682891e-06
39    0.5    0.2    1    1           0.0          0.0           7.3228516e-05      -4.3758628e-06
40    0.6    0.2    1    1           0.0          0.0           7.4555633e-05      -5.6545785e-06
41    0.7    0.2    1    1           0.0          0.0           7.5857257e-05      -6.9781944e-06
42    0.8    0.2    1    1           0.0          0.0           7.7103627e-05      -8.6206948e-06
43    0.9    0.2    1    1           0.0          0.0           7.8379097e-05      -1.0912442e-05
44    1.0    0.2    1    1           0.0          0.0           7.9795669e-05      -1.4211025e-05
45    0.0    0.3    1    1          10.0          0.0           9.0214143e-05      3.2918305e-05
46    0.1    0.3    1    1           0.0          0.0           8.6308112e-05      1.9516983e-05
47    0.2    0.3    1    1           0.0          0.0           8.2854313e-05      9.4432669e-06
48    0.3    0.3    1    1           0.0          0.0           8.0620447e-05      2.6840841e-06
49    0.4    0.3    1    1           0.0          0.0           7.9638642e-05      -1.5957156e-06
50    0.5    0.3    1    1           0.0          0.0           7.958284e-05      -4.3926882e-06
51    0.6    0.3    1    1           0.0          0.0           8.0043447e-05      -6.5178063e-06
52    0.7    0.3    1    1           0.0          0.0           8.0758784e-05      -8.5063018e-06
53    0.8    0.3    1    1           0.0          0.0           8.1600031e-05      -1.0785754e-05
54    0.9    0.3    1    1           0.0          0.0           8.2583342e-05      -1.3770762e-05
55    1.0    0.3    1    1           0.0          0.0           8.3741541e-05      -1.7876196e-05
56    0.0    0.4    1    1          10.0          0.0           9.9123264e-05      3.6204229e-05
57    0.1    0.4    1    1           0.0          0.0           9.5450086e-05      2.369979e-05
58    0.2    0.4    1    1           0.0          0.0           9.2021999e-05      1.3371472e-05
59    0.3    0.4    1    1           0.0          0.0           8.9256584e-05      5.6228641e-06
60    0.4    0.4    1    1           0.0          0.0           8.7480131e-05      7.3403048e-08
61    0.5    0.4    1    1           0.0          0.0           8.6550147e-05      -3.8474423e-06
62    0.6    0.4    1    1           0.0          0.0           8.6261955e-05      -6.866882e-06
63    0.7    0.4    1    1           0.0          0.0           8.6398867e-05      -9.5782726e-06
64    0.8    0.4    1    1           0.0          0.0           8.6826545e-05      -1.2492786e-05
65    0.9    0.4    1    1           0.0          0.0           8.748835e-05      -1.607338e-05
66    1.0    0.4    1    1           0.0          0.0           8.8359516e-05      -2.0821363e-05
67    0.0    0.5    1    1          10.0          0.0           0.00010717048      3.9050416e-05
68    0.1    0.5    1    1           0.0          0.0           0.0001036578      2.7009947e-05
69    0.2    0.5    1    1           0.0          0.0           0.00010031605      1.6597446e-05
70    0.3    0.5    1    1           0.0          0.0           9.7465087e-05      8.2481575e-06
71    0.4    0.5    1    1           0.0          0.0           9.522917e-05      1.826313e-06
72    0.5    0.5    1    1           0.0          0.0           9.3719962e-05      -2.9977009e-06
73    0.6    0.5    1    1           0.0          0.0           9.2825643e-05      -6.8181764e-06
74    0.7    0.5    1    1           0.0          0.0           9.2442642e-05      -1.0201375e-05
75    0.8    0.5    1    1           0.0          0.0           9.2456831e-05      -1.3701359e-05
76    0.9    0.5    1    1           0.0          0.0           9.2804564e-05      -1.7781593e-05
77    1.0    0.5    1    1           0.0          0.0           9.3385884e-05      -2.2983066e-05
78    0.0    0.5    1    1          10.0          0.0           0.00011470982      4.1513428e-05
79    0.1    0.5    1    1           0.0          0.0           0.00011134502      2.9697043e-05
80    0.2    0.5    1    1           0.0          0.0           0.00010811619      1.9161216e-05
81    0.3    0.5    1    1           0.0          0.0           0.00010518829      1.0406569e-05
82    0.4    0.5    1    1           0.0          0.0           0.00010270446      3.4393004e-06
83    0.5    0.5    1    1           0.0          0.0           0.00010076198      -2.0399427e-06
84    0.6    0.5    1    1           0.0          0.0           9.9412519e-05      -6.4832274e-06
85    0.7    0.5    1    1           0.0          0.0           9.8578662e-05      -1.0440043e-05
86    0.8    0.5    1    1           0.0          0.0           9.8222945e-05      -1.442553e-05
87    0.9    0.5    1    1           0.0          0.0           9.8252942e-05      -1.8930708e-05
88    1.0    0.5    1    1           0.0          0.0           9.8546792e-05      -2.4398351e-05
89    0.0    0.6    1    1          10.0          0.0           0.00012210521      4.378784e-05
90    0.1    0.6    1    1           0.0          0.0           0.00011886677      3.1806972e-05
91    0.2    0.6    1    1           0.0          0.0           0.00011566802      2.1167259e-05
92    0.3    0.6    1    1           0.0          0.0           0.00011257509      1.2213597e-05
93    0.4    0.6    1    1           0.0          0.0           0.00010978663      4.8825804e-06
94    0.5    0.6    1    1           0.0          0.0           0.00010746733      -1.0350292e-06
95    0.6    0.6    1    1           0.0          0.0           0.00010568913      -5.9518628e-06
96    0.7    0.6    1    1           0.0          0.0           0.00010448227      -1.0366356e-05
97    0.8    0.6    1    1           0.0          0.0           0.00010379279      -1.4745528e-05
98    0.9    0.6    1    1           0.0          0.0           0.00010357145      -1.9571043e-05
99    1.0    0.6    1    1           0.0          0.0           0.00010365548      -2.5170027e-05
100    0.0    0.7    1    1          10.0          0.0           0.00012987237      4.5841717e-05
101    0.1    0.7    1    1           0.0          0.0           0.00012663617      3.3493605e-05
102    0.2    0.7    1    1           0.0          0.0           0.00012315103      2.2818156e-05
103    0.3    0.7    1    1           0.0          0.0           0.00011961463      1.3782457e-05
104    0.4    0.7    1    1           0.0          0.0           0.00011636044      6.2468858e-06
105    0.5    0.7    1    1           0.0          0.0           0.00011360577      -4.948677e-09
106    0.6    0.7    1    1           0.0          0.0           0.00011143446      -5.2719834e-06
107    0.7    0.7    1    1           0.0          0.0           0.00010991013      -1.0041378e-05
108    0.8    0.7    1    1           0.0          0.0           0.00010898307      -1.4744497e-05
109    0.9    0.7    1    1           0.0          0.0           0.00010855329      -1.9814723e-05
110    1.0    0.7    1    1           0.0          0.0           0.00010848267      -2.546451e-05
111    0.0    0.8    1    1          10.0          0.0           0.00013905845      4.7519243e-05
112    0.1    0.8    1    1           0.0          0.0           0.00013491929      3.5103102e-05
113    0.2    0.8    1    1           0.0          0.0           0.00013055951      2.4506852e-05
114    0.3    0.8    1    1           0.0          0.0           0.00012629222      1.5382648e-05
115    0.4    0.8    1    1           0.0          0.0           0.00012234412      7.6658287e-06
116    0.5    0.8    1    1           0.0          0.0           0.0001189692      1.1259351e-06
117    0.6    0.8    1    1           0.0          0.0           0.00011633502      -4.4606248e-06
118    0.7    0.8    1    1           0.0          0.0           0.00011453254      -9.5425424e-06
119    0.8    0.8    1    1           0.0          0.0           0.00011349898      -1.4524666e-05
120    0.9    0.8    1    1           0.0          0.0           0.00011308288      -1.9802516e-05
121    1.0    0.8    1    1           0.0          0.0           0.00011299756      -2.551393e-05
