Program hybrid interval  particle swarm - sensitivity 
 input file name popova1group 
Nodal information - Assembled  model
Node   X      Y     Restraints       Fx          Fy           beta-x    beta-y
 1    0.0    0.0    0    0           0.0          0.0           0.000      0.000
 2    1.0    0.0    1    0           0.0          0.0           0.000      0.000
 3    0.0    0.8    1    1          10.0          0.0           0.050      0.000
 4    1.0    0.8    1    1           0.0          0.0           0.000      0.000
Element information- Assembled model
Element    Nodes    Area            E        alfa      group no.    group gamma 
 1         1   2    0.001000   2.000e+08   0.02000          1           0.00980
 2         3   4    0.001000   2.000e+08   0.02000          1           0.00980
 3         1   3    0.001000   2.000e+08   0.02000          2           0.00980
 4         2   4    0.001000   2.000e+08   0.02000          2           0.00980
 5         1   4    0.001000   2.000e+08   0.02000          3           0.00980
 6         2   3    0.001000   2.000e+08   0.02000          4           0.00980
Groups Interval Solution
Number of Groups
 4
Group Number        Group Uncertainty   
 1                       0.00980    
 2                       0.00980    
 3                       0.00980    
 4                       0.00980    
hybrid1plot response using sensitivity angle range 0.785398
 using 500 points the minimum is at -0.1652641426 with a value of 6.5517728361e-05 
 using 500 points the maximum is at -0.1652641426 with a value of 5.5171745061e-05 
